<?xml version="1.0" encoding="UTF-8"?>
<coverage generated="1526890336862" clover="3.2.0">
  <project timestamp="1526890336862" name="All files">
    <metrics statements="232" coveredstatements="98" conditionals="36" coveredconditionals="10" methods="124" coveredmethods="5" elements="392" coveredelements="113" complexity="0" loc="232" ncloc="232" packages="8" files="21" classes="21">
      <package name="components">
        <metrics statements="61" coveredstatements="10" conditionals="6" coveredconditionals="0" methods="40" coveredmethods="0"/>
        <file name="ARScene.js" path="/home/richo/Documents/hacktiv8/phase3/final project/arniture-app/js/components/ARScene.js">
          <metrics statements="8" coveredstatements="2" conditionals="0" coveredconditionals="0" methods="5" coveredmethods="0"/>
          <line num="18" count="0" type="stmt"/>
          <line num="19" count="0" type="stmt"/>
          <line num="20" count="0" type="stmt"/>
          <line num="21" count="0" type="stmt"/>
          <line num="24" count="0" type="stmt"/>
          <line num="28" count="0" type="stmt"/>
          <line num="37" count="1" type="stmt"/>
          <line num="41" count="1" type="stmt"/>
        </file>
        <file name="Catalogue.js" path="/home/richo/Documents/hacktiv8/phase3/final project/arniture-app/js/components/Catalogue.js">
          <metrics statements="15" coveredstatements="3" conditionals="0" coveredconditionals="0" methods="12" coveredmethods="0"/>
          <line num="19" count="0" type="stmt"/>
          <line num="24" count="0" type="stmt"/>
          <line num="25" count="0" type="stmt"/>
          <line num="29" count="0" type="stmt"/>
          <line num="32" count="0" type="stmt"/>
          <line num="34" count="0" type="stmt"/>
          <line num="35" count="0" type="stmt"/>
          <line num="38" count="0" type="stmt"/>
          <line num="42" count="0" type="stmt"/>
          <line num="46" count="0" type="stmt"/>
          <line num="50" count="0" type="stmt"/>
          <line num="53" count="0" type="stmt"/>
          <line num="63" count="1" type="stmt"/>
          <line num="78" count="1" type="stmt"/>
          <line num="82" count="1" type="stmt"/>
        </file>
        <file name="ItemCard.js" path="/home/richo/Documents/hacktiv8/phase3/final project/arniture-app/js/components/ItemCard.js">
          <metrics statements="12" coveredstatements="3" conditionals="2" coveredconditionals="0" methods="7" coveredmethods="0"/>
          <line num="19" count="0" type="stmt"/>
          <line num="20" count="0" type="cond" truecount="0" falsecount="2"/>
          <line num="21" count="0" type="stmt"/>
          <line num="26" count="0" type="stmt"/>
          <line num="27" count="0" type="stmt"/>
          <line num="31" count="0" type="stmt"/>
          <line num="32" count="0" type="stmt"/>
          <line num="44" count="0" type="stmt"/>
          <line num="45" count="0" type="stmt"/>
          <line num="53" count="1" type="stmt"/>
          <line num="98" count="1" type="stmt"/>
          <line num="103" count="1" type="stmt"/>
        </file>
        <file name="ObjectAR.js" path="/home/richo/Documents/hacktiv8/phase3/final project/arniture-app/js/components/ObjectAR.js">
          <metrics statements="26" coveredstatements="2" conditionals="4" coveredconditionals="0" methods="16" coveredmethods="0"/>
          <line num="21" count="0" type="stmt"/>
          <line num="22" count="0" type="stmt"/>
          <line num="31" count="0" type="cond" truecount="0" falsecount="2"/>
          <line num="32" count="0" type="stmt"/>
          <line num="35" count="0" type="stmt"/>
          <line num="38" count="0" type="stmt"/>
          <line num="42" count="0" type="stmt"/>
          <line num="46" count="0" type="stmt"/>
          <line num="47" count="0" type="stmt"/>
          <line num="53" count="0" type="stmt"/>
          <line num="54" count="0" type="stmt"/>
          <line num="58" count="0" type="stmt"/>
          <line num="59" count="0" type="stmt"/>
          <line num="63" count="0" type="stmt"/>
          <line num="66" count="0" type="cond" truecount="0" falsecount="2"/>
          <line num="67" count="0" type="stmt"/>
          <line num="71" count="0" type="stmt"/>
          <line num="72" count="0" type="stmt"/>
          <line num="79" count="0" type="stmt"/>
          <line num="86" count="0" type="stmt"/>
          <line num="92" count="0" type="stmt"/>
          <line num="97" count="0" type="stmt"/>
          <line num="98" count="0" type="stmt"/>
          <line num="103" count="0" type="stmt"/>
          <line num="141" count="1" type="stmt"/>
          <line num="146" count="1" type="stmt"/>
        </file>
      </package>
      <package name="screens">
        <metrics statements="9" coveredstatements="3" conditionals="0" coveredconditionals="0" methods="6" coveredmethods="0"/>
        <file name="Home.js" path="/home/richo/Documents/hacktiv8/phase3/final project/arniture-app/js/screens/Home.js">
          <metrics statements="9" coveredstatements="3" conditionals="0" coveredconditionals="0" methods="6" coveredmethods="0"/>
          <line num="18" count="0" type="stmt"/>
          <line num="22" count="0" type="stmt"/>
          <line num="26" count="0" type="stmt"/>
          <line num="27" count="0" type="stmt"/>
          <line num="28" count="0" type="stmt"/>
          <line num="32" count="0" type="stmt"/>
          <line num="38" count="1" type="stmt"/>
          <line num="53" count="1" type="stmt"/>
          <line num="57" count="1" type="stmt"/>
        </file>
      </package>
      <package name="stores">
        <metrics statements="2" coveredstatements="2" conditionals="0" coveredconditionals="0" methods="0" coveredmethods="0"/>
        <file name="index.js" path="/home/richo/Documents/hacktiv8/phase3/final project/arniture-app/js/stores/index.js">
          <metrics statements="2" coveredstatements="2" conditionals="0" coveredconditionals="0" methods="0" coveredmethods="0"/>
          <line num="9" count="1" type="stmt"/>
          <line num="17" count="1" type="stmt"/>
        </file>
      </package>
      <package name="stores.cart">
        <metrics statements="55" coveredstatements="24" conditionals="7" coveredconditionals="2" methods="31" coveredmethods="1"/>
        <file name="action.js" path="/home/richo/Documents/hacktiv8/phase3/final project/arniture-app/js/stores/cart/action.js">
          <metrics statements="39" coveredstatements="13" conditionals="0" coveredconditionals="0" methods="30" coveredmethods="0"/>
          <line num="10" count="1" type="stmt"/>
          <line num="11" count="1" type="stmt"/>
          <line num="12" count="0" type="stmt"/>
          <line num="13" count="0" type="stmt"/>
          <line num="14" count="0" type="stmt"/>
          <line num="20" count="0" type="stmt"/>
          <line num="23" count="0" type="stmt"/>
          <line num="27" count="1" type="stmt"/>
          <line num="28" count="0" type="stmt"/>
          <line num="29" count="0" type="stmt"/>
          <line num="31" count="0" type="stmt"/>
          <line num="34" count="0" type="stmt"/>
          <line num="38" count="1" type="stmt"/>
          <line num="39" count="0" type="stmt"/>
          <line num="40" count="0" type="stmt"/>
          <line num="42" count="0" type="stmt"/>
          <line num="45" count="0" type="stmt"/>
          <line num="49" count="1" type="stmt"/>
          <line num="50" count="0" type="stmt"/>
          <line num="52" count="0" type="stmt"/>
          <line num="62" count="0" type="stmt"/>
          <line num="65" count="0" type="stmt"/>
          <line num="70" count="1" type="stmt"/>
          <line num="75" count="1" type="stmt"/>
          <line num="76" count="0" type="stmt"/>
          <line num="78" count="0" type="stmt"/>
          <line num="81" count="0" type="stmt"/>
          <line num="84" count="1" type="stmt"/>
          <line num="87" count="1" type="stmt"/>
          <line num="91" count="1" type="stmt"/>
          <line num="95" count="1" type="stmt"/>
          <line num="96" count="0" type="stmt"/>
          <line num="97" count="0" type="stmt"/>
          <line num="100" count="1" type="stmt"/>
          <line num="104" count="1" type="stmt"/>
          <line num="105" count="0" type="stmt"/>
          <line num="106" count="0" type="stmt"/>
          <line num="108" count="0" type="stmt"/>
          <line num="111" count="0" type="stmt"/>
        </file>
        <file name="action.types.js" path="/home/richo/Documents/hacktiv8/phase3/final project/arniture-app/js/stores/cart/action.types.js">
          <metrics statements="7" coveredstatements="7" conditionals="0" coveredconditionals="0" methods="0" coveredmethods="0"/>
          <line num="1" count="1" type="stmt"/>
          <line num="2" count="1" type="stmt"/>
          <line num="3" count="1" type="stmt"/>
          <line num="4" count="1" type="stmt"/>
          <line num="5" count="1" type="stmt"/>
          <line num="6" count="1" type="stmt"/>
          <line num="7" count="1" type="stmt"/>
        </file>
        <file name="reducers.js" path="/home/richo/Documents/hacktiv8/phase3/final project/arniture-app/js/stores/cart/reducers.js">
          <metrics statements="9" coveredstatements="4" conditionals="7" coveredconditionals="2" methods="1" coveredmethods="1"/>
          <line num="8" count="1" type="stmt"/>
          <line num="16" count="1" type="cond" truecount="1" falsecount="0"/>
          <line num="17" count="3" type="cond" truecount="1" falsecount="5"/>
          <line num="19" count="0" type="stmt"/>
          <line num="24" count="0" type="stmt"/>
          <line num="33" count="0" type="stmt"/>
          <line num="39" count="0" type="stmt"/>
          <line num="44" count="0" type="stmt"/>
          <line num="49" count="3" type="stmt"/>
        </file>
      </package>
      <package name="stores.items">
        <metrics statements="20" coveredstatements="12" conditionals="5" coveredconditionals="2" methods="8" coveredmethods="1"/>
        <file name="action.js" path="/home/richo/Documents/hacktiv8/phase3/final project/arniture-app/js/stores/items/action.js">
          <metrics statements="10" coveredstatements="5" conditionals="0" coveredconditionals="0" methods="7" coveredmethods="0"/>
          <line num="9" count="1" type="stmt"/>
          <line num="11" count="1" type="stmt"/>
          <line num="12" count="0" type="stmt"/>
          <line num="13" count="0" type="stmt"/>
          <line num="14" count="0" type="stmt"/>
          <line num="16" count="0" type="stmt"/>
          <line num="19" count="0" type="stmt"/>
          <line num="24" count="1" type="stmt"/>
          <line num="28" count="1" type="stmt"/>
          <line num="33" count="1" type="stmt"/>
        </file>
        <file name="action.types.js" path="/home/richo/Documents/hacktiv8/phase3/final project/arniture-app/js/stores/items/action.types.js">
          <metrics statements="3" coveredstatements="3" conditionals="0" coveredconditionals="0" methods="0" coveredmethods="0"/>
          <line num="1" count="1" type="stmt"/>
          <line num="2" count="1" type="stmt"/>
          <line num="3" count="1" type="stmt"/>
        </file>
        <file name="reducers.js" path="/home/richo/Documents/hacktiv8/phase3/final project/arniture-app/js/stores/items/reducers.js">
          <metrics statements="7" coveredstatements="4" conditionals="5" coveredconditionals="2" methods="1" coveredmethods="1"/>
          <line num="6" count="1" type="stmt"/>
          <line num="15" count="1" type="cond" truecount="1" falsecount="0"/>
          <line num="16" count="3" type="cond" truecount="1" falsecount="3"/>
          <line num="18" count="0" type="stmt"/>
          <line num="23" count="0" type="stmt"/>
          <line num="32" count="0" type="stmt"/>
          <line num="38" count="3" type="stmt"/>
        </file>
      </package>
      <package name="stores.login">
        <metrics statements="23" coveredstatements="13" conditionals="5" coveredconditionals="2" methods="10" coveredmethods="1"/>
        <file name="action.js" path="/home/richo/Documents/hacktiv8/phase3/final project/arniture-app/js/stores/login/action.js">
          <metrics statements="13" coveredstatements="6" conditionals="0" coveredconditionals="0" methods="9" coveredmethods="0"/>
          <line num="9" count="1" type="stmt"/>
          <line num="11" count="1" type="stmt"/>
          <line num="12" count="0" type="stmt"/>
          <line num="13" count="0" type="stmt"/>
          <line num="19" count="0" type="stmt"/>
          <line num="20" count="0" type="stmt"/>
          <line num="23" count="0" type="stmt"/>
          <line num="28" count="1" type="stmt"/>
          <line num="33" count="1" type="stmt"/>
          <line num="38" count="1" type="stmt"/>
          <line num="39" count="0" type="stmt"/>
          <line num="40" count="0" type="stmt"/>
          <line num="44" count="1" type="stmt"/>
        </file>
        <file name="action.types.js" path="/home/richo/Documents/hacktiv8/phase3/final project/arniture-app/js/stores/login/action.types.js">
          <metrics statements="3" coveredstatements="3" conditionals="0" coveredconditionals="0" methods="0" coveredmethods="0"/>
          <line num="1" count="1" type="stmt"/>
          <line num="2" count="1" type="stmt"/>
          <line num="3" count="1" type="stmt"/>
        </file>
        <file name="reducers.js" path="/home/richo/Documents/hacktiv8/phase3/final project/arniture-app/js/stores/login/reducers.js">
          <metrics statements="7" coveredstatements="4" conditionals="5" coveredconditionals="2" methods="1" coveredmethods="1"/>
          <line num="7" count="1" type="stmt"/>
          <line num="14" count="1" type="cond" truecount="1" falsecount="0"/>
          <line num="15" count="3" type="cond" truecount="1" falsecount="3"/>
          <line num="17" count="0" type="stmt"/>
          <line num="23" count="0" type="stmt"/>
          <line num="29" count="0" type="stmt"/>
          <line num="33" count="3" type="stmt"/>
        </file>
      </package>
      <package name="stores.objects">
        <metrics statements="40" coveredstatements="21" conditionals="8" coveredconditionals="2" methods="19" coveredmethods="1"/>
        <file name="action.types.js" path="/home/richo/Documents/hacktiv8/phase3/final project/arniture-app/js/stores/objects/action.types.js">
          <metrics statements="6" coveredstatements="6" conditionals="0" coveredconditionals="0" methods="0" coveredmethods="0"/>
          <line num="1" count="1" type="stmt"/>
          <line num="2" count="1" type="stmt"/>
          <line num="3" count="1" type="stmt"/>
          <line num="4" count="1" type="stmt"/>
          <line num="5" count="1" type="stmt"/>
          <line num="6" count="1" type="stmt"/>
        </file>
        <file name="actions.js" path="/home/richo/Documents/hacktiv8/phase3/final project/arniture-app/js/stores/objects/actions.js">
          <metrics statements="22" coveredstatements="11" conditionals="0" coveredconditionals="0" methods="18" coveredmethods="0"/>
          <line num="12" count="1" type="stmt"/>
          <line num="13" count="0" type="stmt"/>
          <line num="17" count="1" type="stmt"/>
          <line num="18" count="0" type="stmt"/>
          <line num="19" count="0" type="stmt"/>
          <line num="23" count="1" type="stmt"/>
          <line num="24" count="0" type="stmt"/>
          <line num="28" count="0" type="stmt"/>
          <line num="29" count="0" type="stmt"/>
          <line num="30" count="0" type="stmt"/>
          <line num="37" count="1" type="stmt"/>
          <line num="38" count="0" type="stmt"/>
          <line num="39" count="0" type="stmt"/>
          <line num="43" count="1" type="stmt"/>
          <line num="47" count="1" type="stmt"/>
          <line num="51" count="1" type="stmt"/>
          <line num="55" count="1" type="stmt"/>
          <line num="60" count="1" type="stmt"/>
          <line num="65" count="1" type="stmt"/>
          <line num="66" count="0" type="stmt"/>
          <line num="67" count="0" type="stmt"/>
          <line num="71" count="1" type="stmt"/>
        </file>
        <file name="reducers.js" path="/home/richo/Documents/hacktiv8/phase3/final project/arniture-app/js/stores/objects/reducers.js">
          <metrics statements="12" coveredstatements="4" conditionals="8" coveredconditionals="2" methods="1" coveredmethods="1"/>
          <line num="10" count="1" type="stmt"/>
          <line num="20" count="1" type="cond" truecount="1" falsecount="0"/>
          <line num="21" count="3" type="cond" truecount="1" falsecount="6"/>
          <line num="23" count="0" type="stmt"/>
          <line num="28" count="0" type="stmt"/>
          <line num="32" count="0" type="stmt"/>
          <line num="38" count="0" type="stmt"/>
          <line num="43" count="0" type="stmt"/>
          <line num="47" count="0" type="stmt"/>
          <line num="55" count="0" type="stmt"/>
          <line num="60" count="0" type="stmt"/>
          <line num="64" count="3" type="stmt"/>
        </file>
      </package>
      <package name="stores.register">
        <metrics statements="22" coveredstatements="13" conditionals="5" coveredconditionals="2" methods="10" coveredmethods="1"/>
        <file name="action.js" path="/home/richo/Documents/hacktiv8/phase3/final project/arniture-app/js/stores/register/action.js">
          <metrics statements="12" coveredstatements="6" conditionals="0" coveredconditionals="0" methods="9" coveredmethods="0"/>
          <line num="9" count="1" type="stmt"/>
          <line num="11" count="1" type="stmt"/>
          <line num="12" count="0" type="stmt"/>
          <line num="13" count="0" type="stmt"/>
          <line num="19" count="0" type="stmt"/>
          <line num="22" count="0" type="stmt"/>
          <line num="27" count="1" type="stmt"/>
          <line num="32" count="1" type="stmt"/>
          <line num="36" count="1" type="stmt"/>
          <line num="37" count="0" type="stmt"/>
          <line num="38" count="0" type="stmt"/>
          <line num="42" count="1" type="stmt"/>
        </file>
        <file name="action.types.js" path="/home/richo/Documents/hacktiv8/phase3/final project/arniture-app/js/stores/register/action.types.js">
          <metrics statements="3" coveredstatements="3" conditionals="0" coveredconditionals="0" methods="0" coveredmethods="0"/>
          <line num="1" count="1" type="stmt"/>
          <line num="2" count="1" type="stmt"/>
          <line num="3" count="1" type="stmt"/>
        </file>
        <file name="reducers.js" path="/home/richo/Documents/hacktiv8/phase3/final project/arniture-app/js/stores/register/reducers.js">
          <metrics statements="7" coveredstatements="4" conditionals="5" coveredconditionals="2" methods="1" coveredmethods="1"/>
          <line num="7" count="1" type="stmt"/>
          <line num="12" count="1" type="cond" truecount="1" falsecount="0"/>
          <line num="13" count="3" type="cond" truecount="1" falsecount="3"/>
          <line num="15" count="0" type="stmt"/>
          <line num="20" count="0" type="stmt"/>
          <line num="26" count="0" type="stmt"/>
          <line num="30" count="3" type="stmt"/>
        </file>
      </package>
    </metrics>
  </project>
</coverage>
