{"/home/richo/Documents/hacktiv8/phase3/final project/arniture-app/js/screens/Login.js": {"path":"/home/richo/Documents/hacktiv8/phase3/final project/arniture-app/js/screens/Login.js","statementMap":{"0":{"start":{"line":15,"column":4},"end":{"line":15,"column":16}},"1":{"start":{"line":16,"column":4},"end":{"line":19,"column":5}},"2":{"start":{"line":23,"column":4},"end":{"line":23,"column":46}},"3":{"start":{"line":27,"column":3},"end":{"line":27,"column":64}},"4":{"start":{"line":29,"column":3},"end":{"line":31,"column":4}},"5":{"start":{"line":30,"column":5},"end":{"line":30,"column":43}},"6":{"start":{"line":33,"column":3},"end":{"line":33,"column":24}},"7":{"start":{"line":34,"column":3},"end":{"line":34,"column":27}},"8":{"start":{"line":38,"column":4},"end":{"line":40,"column":5}},"9":{"start":{"line":39,"column":6},"end":{"line":39,"column":44}},"10":{"start":{"line":41,"column":4},"end":{"line":71,"column":5}},"11":{"start":{"line":51,"column":23},"end":{"line":51,"column":47}},"12":{"start":{"line":57,"column":38},"end":{"line":57,"column":65}},"13":{"start":{"line":75,"column":15},"end":{"line":102,"column":2}},"14":{"start":{"line":104,"column":24},"end":{"line":108,"column":2}},"15":{"start":{"line":104,"column":36},"end":{"line":108,"column":1}},"16":{"start":{"line":110,"column":27},"end":{"line":113,"column":12}},"17":{"start":{"line":110,"column":41},"end":{"line":113,"column":12}}},"fnMap":{"0":{"name":"(anonymous_0)","decl":{"start":{"line":14,"column":2},"end":{"line":14,"column":3}},"loc":{"start":{"line":14,"column":22},"end":{"line":20,"column":3}},"line":14},"1":{"name":"(anonymous_1)","decl":{"start":{"line":22,"column":15},"end":{"line":22,"column":16}},"loc":{"start":{"line":22,"column":21},"end":{"line":24,"column":3}},"line":22},"2":{"name":"(anonymous_2)","decl":{"start":{"line":26,"column":10},"end":{"line":26,"column":11}},"loc":{"start":{"line":26,"column":22},"end":{"line":35,"column":3}},"line":26},"3":{"name":"(anonymous_3)","decl":{"start":{"line":37,"column":2},"end":{"line":37,"column":3}},"loc":{"start":{"line":37,"column":12},"end":{"line":72,"column":3}},"line":37},"4":{"name":"(anonymous_4)","decl":{"start":{"line":51,"column":12},"end":{"line":51,"column":13}},"loc":{"start":{"line":51,"column":23},"end":{"line":51,"column":47}},"line":51},"5":{"name":"(anonymous_5)","decl":{"start":{"line":57,"column":24},"end":{"line":57,"column":25}},"loc":{"start":{"line":57,"column":38},"end":{"line":57,"column":65}},"line":57},"6":{"name":"(anonymous_6)","decl":{"start":{"line":104,"column":24},"end":{"line":104,"column":25}},"loc":{"start":{"line":104,"column":36},"end":{"line":108,"column":1}},"line":104},"7":{"name":"(anonymous_7)","decl":{"start":{"line":110,"column":27},"end":{"line":110,"column":28}},"loc":{"start":{"line":110,"column":41},"end":{"line":113,"column":12}},"line":110}},"branchMap":{"0":{"loc":{"start":{"line":29,"column":3},"end":{"line":31,"column":4}},"type":"if","locations":[{"start":{"line":29,"column":3},"end":{"line":31,"column":4}},{"start":{"line":29,"column":3},"end":{"line":31,"column":4}}],"line":29},"1":{"loc":{"start":{"line":38,"column":4},"end":{"line":40,"column":5}},"type":"if","locations":[{"start":{"line":38,"column":4},"end":{"line":40,"column":5}},{"start":{"line":38,"column":4},"end":{"line":40,"column":5}}],"line":38}},"s":{"0":0,"1":0,"2":0,"3":0,"4":0,"5":0,"6":0,"7":0,"8":0,"9":0,"10":0,"11":0,"12":0,"13":1,"14":1,"15":0,"16":1,"17":0},"f":{"0":0,"1":0,"2":0,"3":0,"4":0,"5":0,"6":0,"7":0},"b":{"0":[0,0],"1":[0,0]},"_coverageSchema":"332fd63041d2c1bcb487cc26dd0d5f7d97098a6c","hash":"c114328c75f85874657eeeac74b85b1c576a3b45"}
,"/home/richo/Documents/hacktiv8/phase3/final project/arniture-app/js/stores/index.js": {"path":"/home/richo/Documents/hacktiv8/phase3/final project/arniture-app/js/stores/index.js","statementMap":{"0":{"start":{"line":9,"column":17},"end":{"line":15,"column":2}},"1":{"start":{"line":17,"column":14},"end":{"line":20,"column":1}}},"fnMap":{},"branchMap":{},"s":{"0":1,"1":1},"f":{},"b":{},"_coverageSchema":"332fd63041d2c1bcb487cc26dd0d5f7d97098a6c","hash":"9cd72dd343c05a1040b5c99002b5459c75fc8cea"}
,"/home/richo/Documents/hacktiv8/phase3/final project/arniture-app/js/stores/cart/action.types.js": {"path":"/home/richo/Documents/hacktiv8/phase3/final project/arniture-app/js/stores/cart/action.types.js","statementMap":{"0":{"start":{"line":1,"column":32},"end":{"line":1,"column":50}},"1":{"start":{"line":2,"column":30},"end":{"line":2,"column":46}},"2":{"start":{"line":3,"column":32},"end":{"line":3,"column":50}},"3":{"start":{"line":4,"column":27},"end":{"line":4,"column":40}},"4":{"start":{"line":5,"column":33},"end":{"line":5,"column":52}},"5":{"start":{"line":6,"column":33},"end":{"line":6,"column":52}},"6":{"start":{"line":7,"column":27},"end":{"line":7,"column":40}}},"fnMap":{},"branchMap":{},"s":{"0":1,"1":1,"2":1,"3":1,"4":1,"5":1,"6":1},"f":{},"b":{},"_coverageSchema":"332fd63041d2c1bcb487cc26dd0d5f7d97098a6c","hash":"a78683382e2fc128b2fda287bd0ed982203b29e2"}
,"/home/richo/Documents/hacktiv8/phase3/final project/arniture-app/js/stores/cart/reducers.js": {"path":"/home/richo/Documents/hacktiv8/phase3/final project/arniture-app/js/stores/cart/reducers.js","statementMap":{"0":{"start":{"line":8,"column":21},"end":{"line":15,"column":1}},"1":{"start":{"line":16,"column":21},"end":{"line":51,"column":1}},"2":{"start":{"line":17,"column":2},"end":{"line":50,"column":3}},"3":{"start":{"line":19,"column":6},"end":{"line":22,"column":7}},"4":{"start":{"line":24,"column":6},"end":{"line":31,"column":7}},"5":{"start":{"line":33,"column":6},"end":{"line":37,"column":7}},"6":{"start":{"line":39,"column":6},"end":{"line":42,"column":7}},"7":{"start":{"line":44,"column":6},"end":{"line":47,"column":7}},"8":{"start":{"line":49,"column":4},"end":{"line":49,"column":17}}},"fnMap":{"0":{"name":"(anonymous_0)","decl":{"start":{"line":16,"column":21},"end":{"line":16,"column":22}},"loc":{"start":{"line":16,"column":60},"end":{"line":51,"column":1}},"line":16}},"branchMap":{"0":{"loc":{"start":{"line":16,"column":22},"end":{"line":16,"column":47}},"type":"default-arg","locations":[{"start":{"line":16,"column":30},"end":{"line":16,"column":47}}],"line":16},"1":{"loc":{"start":{"line":17,"column":2},"end":{"line":50,"column":3}},"type":"switch","locations":[{"start":{"line":18,"column":4},"end":{"line":22,"column":7}},{"start":{"line":23,"column":4},"end":{"line":31,"column":7}},{"start":{"line":32,"column":4},"end":{"line":37,"column":7}},{"start":{"line":38,"column":4},"end":{"line":42,"column":7}},{"start":{"line":43,"column":4},"end":{"line":47,"column":7}},{"start":{"line":48,"column":4},"end":{"line":49,"column":17}}],"line":17}},"s":{"0":1,"1":1,"2":3,"3":0,"4":0,"5":0,"6":0,"7":0,"8":3},"f":{"0":3},"b":{"0":[3],"1":[0,0,0,0,0,3]},"_coverageSchema":"332fd63041d2c1bcb487cc26dd0d5f7d97098a6c","hash":"ce5fe0f425fc6d96be9acb1dd6f18723a5688358"}
,"/home/richo/Documents/hacktiv8/phase3/final project/arniture-app/js/stores/items/action.types.js": {"path":"/home/richo/Documents/hacktiv8/phase3/final project/arniture-app/js/stores/items/action.types.js","statementMap":{"0":{"start":{"line":1,"column":33},"end":{"line":1,"column":52}},"1":{"start":{"line":2,"column":31},"end":{"line":2,"column":48}},"2":{"start":{"line":3,"column":33},"end":{"line":3,"column":52}}},"fnMap":{},"branchMap":{},"s":{"0":1,"1":1,"2":1},"f":{},"b":{},"_coverageSchema":"332fd63041d2c1bcb487cc26dd0d5f7d97098a6c","hash":"40b6aa373f01597a101dfc48f3bfe0d15ce4e733"}
,"/home/richo/Documents/hacktiv8/phase3/final project/arniture-app/js/stores/items/reducers.js": {"path":"/home/richo/Documents/hacktiv8/phase3/final project/arniture-app/js/stores/items/reducers.js","statementMap":{"0":{"start":{"line":6,"column":21},"end":{"line":13,"column":1}},"1":{"start":{"line":15,"column":17},"end":{"line":40,"column":1}},"2":{"start":{"line":16,"column":2},"end":{"line":39,"column":3}},"3":{"start":{"line":18,"column":6},"end":{"line":21,"column":7}},"4":{"start":{"line":23,"column":6},"end":{"line":30,"column":7}},"5":{"start":{"line":32,"column":6},"end":{"line":36,"column":7}},"6":{"start":{"line":38,"column":4},"end":{"line":38,"column":16}}},"fnMap":{"0":{"name":"(anonymous_0)","decl":{"start":{"line":15,"column":17},"end":{"line":15,"column":18}},"loc":{"start":{"line":15,"column":56},"end":{"line":40,"column":1}},"line":15}},"branchMap":{"0":{"loc":{"start":{"line":15,"column":18},"end":{"line":15,"column":43}},"type":"default-arg","locations":[{"start":{"line":15,"column":26},"end":{"line":15,"column":43}}],"line":15},"1":{"loc":{"start":{"line":16,"column":2},"end":{"line":39,"column":3}},"type":"switch","locations":[{"start":{"line":17,"column":4},"end":{"line":21,"column":7}},{"start":{"line":22,"column":4},"end":{"line":30,"column":7}},{"start":{"line":31,"column":4},"end":{"line":36,"column":7}},{"start":{"line":37,"column":4},"end":{"line":38,"column":16}}],"line":16}},"s":{"0":1,"1":1,"2":3,"3":0,"4":0,"5":0,"6":3},"f":{"0":3},"b":{"0":[3],"1":[0,0,0,3]},"_coverageSchema":"332fd63041d2c1bcb487cc26dd0d5f7d97098a6c","hash":"b8239a65e46e53fe5bf4ffe40dd3f9aae9b62464"}
,"/home/richo/Documents/hacktiv8/phase3/final project/arniture-app/js/stores/login/action.js": {"path":"/home/richo/Documents/hacktiv8/phase3/final project/arniture-app/js/stores/login/action.js","statementMap":{"0":{"start":{"line":9,"column":17},"end":{"line":9,"column":79}},"1":{"start":{"line":11,"column":21},"end":{"line":26,"column":1}},"2":{"start":{"line":12,"column":2},"end":{"line":25,"column":3}},"3":{"start":{"line":13,"column":4},"end":{"line":24,"column":8}},"4":{"start":{"line":19,"column":8},"end":{"line":19,"column":52}},"5":{"start":{"line":20,"column":8},"end":{"line":20,"column":51}},"6":{"start":{"line":23,"column":8},"end":{"line":23,"column":54}},"7":{"start":{"line":28,"column":18},"end":{"line":31,"column":2}},"8":{"start":{"line":28,"column":28},"end":{"line":31,"column":1}},"9":{"start":{"line":33,"column":21},"end":{"line":36,"column":2}},"10":{"start":{"line":33,"column":33},"end":{"line":36,"column":1}},"11":{"start":{"line":38,"column":31},"end":{"line":42,"column":1}},"12":{"start":{"line":39,"column":2},"end":{"line":41,"column":3}},"13":{"start":{"line":40,"column":4},"end":{"line":40,"column":21}},"14":{"start":{"line":44,"column":14},"end":{"line":46,"column":2}},"15":{"start":{"line":44,"column":21},"end":{"line":46,"column":1}}},"fnMap":{"0":{"name":"(anonymous_0)","decl":{"start":{"line":11,"column":21},"end":{"line":11,"column":22}},"loc":{"start":{"line":11,"column":42},"end":{"line":26,"column":1}},"line":11},"1":{"name":"(anonymous_1)","decl":{"start":{"line":12,"column":9},"end":{"line":12,"column":10}},"loc":{"start":{"line":12,"column":21},"end":{"line":25,"column":3}},"line":12},"2":{"name":"(anonymous_2)","decl":{"start":{"line":17,"column":12},"end":{"line":17,"column":13}},"loc":{"start":{"line":17,"column":32},"end":{"line":21,"column":7}},"line":17},"3":{"name":"(anonymous_3)","decl":{"start":{"line":22,"column":13},"end":{"line":22,"column":14}},"loc":{"start":{"line":22,"column":28},"end":{"line":24,"column":7}},"line":22},"4":{"name":"(anonymous_4)","decl":{"start":{"line":28,"column":18},"end":{"line":28,"column":19}},"loc":{"start":{"line":28,"column":28},"end":{"line":31,"column":1}},"line":28},"5":{"name":"(anonymous_5)","decl":{"start":{"line":33,"column":21},"end":{"line":33,"column":22}},"loc":{"start":{"line":33,"column":33},"end":{"line":36,"column":1}},"line":33},"6":{"name":"(anonymous_6)","decl":{"start":{"line":38,"column":31},"end":{"line":38,"column":32}},"loc":{"start":{"line":38,"column":37},"end":{"line":42,"column":1}},"line":38},"7":{"name":"(anonymous_7)","decl":{"start":{"line":39,"column":9},"end":{"line":39,"column":10}},"loc":{"start":{"line":39,"column":21},"end":{"line":41,"column":3}},"line":39},"8":{"name":"(anonymous_8)","decl":{"start":{"line":44,"column":14},"end":{"line":44,"column":15}},"loc":{"start":{"line":44,"column":21},"end":{"line":46,"column":1}},"line":44}},"branchMap":{},"s":{"0":1,"1":1,"2":0,"3":0,"4":0,"5":0,"6":0,"7":1,"8":0,"9":1,"10":0,"11":1,"12":0,"13":0,"14":1,"15":0},"f":{"0":0,"1":0,"2":0,"3":0,"4":0,"5":0,"6":0,"7":0,"8":0},"b":{},"_coverageSchema":"332fd63041d2c1bcb487cc26dd0d5f7d97098a6c","hash":"50845bce7e9415e09f7ce309ca1640ec87638a45"}
,"/home/richo/Documents/hacktiv8/phase3/final project/arniture-app/js/stores/login/action.types.js": {"path":"/home/richo/Documents/hacktiv8/phase3/final project/arniture-app/js/stores/login/action.types.js","statementMap":{"0":{"start":{"line":1,"column":29},"end":{"line":1,"column":44}},"1":{"start":{"line":2,"column":26},"end":{"line":2,"column":38}},"2":{"start":{"line":3,"column":21},"end":{"line":3,"column":28}}},"fnMap":{},"branchMap":{},"s":{"0":1,"1":1,"2":1},"f":{},"b":{},"_coverageSchema":"332fd63041d2c1bcb487cc26dd0d5f7d97098a6c","hash":"f194b5f921c1d5fe599334b825e74bb4aa8cf2e6"}
,"/home/richo/Documents/hacktiv8/phase3/final project/arniture-app/js/stores/login/reducers.js": {"path":"/home/richo/Documents/hacktiv8/phase3/final project/arniture-app/js/stores/login/reducers.js","statementMap":{"0":{"start":{"line":7,"column":21},"end":{"line":11,"column":1}},"1":{"start":{"line":14,"column":17},"end":{"line":35,"column":1}},"2":{"start":{"line":15,"column":2},"end":{"line":34,"column":3}},"3":{"start":{"line":17,"column":6},"end":{"line":21,"column":7}},"4":{"start":{"line":23,"column":6},"end":{"line":27,"column":7}},"5":{"start":{"line":29,"column":6},"end":{"line":31,"column":7}},"6":{"start":{"line":33,"column":6},"end":{"line":33,"column":18}}},"fnMap":{"0":{"name":"(anonymous_0)","decl":{"start":{"line":14,"column":17},"end":{"line":14,"column":18}},"loc":{"start":{"line":14,"column":58},"end":{"line":35,"column":1}},"line":14}},"branchMap":{"0":{"loc":{"start":{"line":14,"column":18},"end":{"line":14,"column":45}},"type":"default-arg","locations":[{"start":{"line":14,"column":26},"end":{"line":14,"column":45}}],"line":14},"1":{"loc":{"start":{"line":15,"column":2},"end":{"line":34,"column":3}},"type":"switch","locations":[{"start":{"line":16,"column":4},"end":{"line":21,"column":7}},{"start":{"line":22,"column":4},"end":{"line":27,"column":7}},{"start":{"line":28,"column":4},"end":{"line":31,"column":7}},{"start":{"line":32,"column":4},"end":{"line":33,"column":18}}],"line":15}},"s":{"0":1,"1":1,"2":3,"3":0,"4":0,"5":0,"6":3},"f":{"0":3},"b":{"0":[3],"1":[0,0,0,3]},"_coverageSchema":"332fd63041d2c1bcb487cc26dd0d5f7d97098a6c","hash":"8e59cf2c26bef078ee28a0d9736659e212047f04"}
,"/home/richo/Documents/hacktiv8/phase3/final project/arniture-app/js/stores/objects/action.types.js": {"path":"/home/richo/Documents/hacktiv8/phase3/final project/arniture-app/js/stores/objects/action.types.js","statementMap":{"0":{"start":{"line":1,"column":28},"end":{"line":1,"column":42}},"1":{"start":{"line":2,"column":30},"end":{"line":2,"column":46}},"2":{"start":{"line":3,"column":28},"end":{"line":3,"column":42}},"3":{"start":{"line":4,"column":32},"end":{"line":4,"column":50}},"4":{"start":{"line":5,"column":32},"end":{"line":5,"column":50}},"5":{"start":{"line":6,"column":21},"end":{"line":6,"column":28}}},"fnMap":{},"branchMap":{},"s":{"0":1,"1":1,"2":1,"3":1,"4":1,"5":1},"f":{},"b":{},"_coverageSchema":"332fd63041d2c1bcb487cc26dd0d5f7d97098a6c","hash":"59cff1e7fd5f13a9edf6e0fc2d468fa9bc17e229"}
,"/home/richo/Documents/hacktiv8/phase3/final project/arniture-app/js/stores/objects/reducers.js": {"path":"/home/richo/Documents/hacktiv8/phase3/final project/arniture-app/js/stores/objects/reducers.js","statementMap":{"0":{"start":{"line":10,"column":21},"end":{"line":18,"column":1}},"1":{"start":{"line":20,"column":23},"end":{"line":66,"column":1}},"2":{"start":{"line":21,"column":2},"end":{"line":65,"column":3}},"3":{"start":{"line":23,"column":6},"end":{"line":26,"column":7}},"4":{"start":{"line":28,"column":19},"end":{"line":31,"column":7}},"5":{"start":{"line":32,"column":6},"end":{"line":36,"column":7}},"6":{"start":{"line":38,"column":6},"end":{"line":41,"column":7}},"7":{"start":{"line":43,"column":25},"end":{"line":46,"column":7}},"8":{"start":{"line":47,"column":6},"end":{"line":53,"column":7}},"9":{"start":{"line":55,"column":6},"end":{"line":58,"column":7}},"10":{"start":{"line":60,"column":6},"end":{"line":62,"column":7}},"11":{"start":{"line":64,"column":6},"end":{"line":64,"column":18}}},"fnMap":{"0":{"name":"(anonymous_0)","decl":{"start":{"line":20,"column":23},"end":{"line":20,"column":24}},"loc":{"start":{"line":20,"column":62},"end":{"line":66,"column":1}},"line":20}},"branchMap":{"0":{"loc":{"start":{"line":20,"column":24},"end":{"line":20,"column":49}},"type":"default-arg","locations":[{"start":{"line":20,"column":32},"end":{"line":20,"column":49}}],"line":20},"1":{"loc":{"start":{"line":21,"column":2},"end":{"line":65,"column":3}},"type":"switch","locations":[{"start":{"line":22,"column":4},"end":{"line":26,"column":7}},{"start":{"line":27,"column":4},"end":{"line":36,"column":7}},{"start":{"line":37,"column":4},"end":{"line":41,"column":7}},{"start":{"line":42,"column":4},"end":{"line":53,"column":7}},{"start":{"line":54,"column":4},"end":{"line":58,"column":7}},{"start":{"line":59,"column":4},"end":{"line":62,"column":7}},{"start":{"line":63,"column":4},"end":{"line":64,"column":18}}],"line":21}},"s":{"0":1,"1":1,"2":3,"3":0,"4":0,"5":0,"6":0,"7":0,"8":0,"9":0,"10":0,"11":3},"f":{"0":3},"b":{"0":[3],"1":[0,0,0,0,0,0,3]},"_coverageSchema":"332fd63041d2c1bcb487cc26dd0d5f7d97098a6c","hash":"8960bae511b88629a03c81fb24c0126e680ef08a"}
,"/home/richo/Documents/hacktiv8/phase3/final project/arniture-app/js/stores/register/action.types.js": {"path":"/home/richo/Documents/hacktiv8/phase3/final project/arniture-app/js/stores/register/action.types.js","statementMap":{"0":{"start":{"line":1,"column":32},"end":{"line":1,"column":50}},"1":{"start":{"line":2,"column":29},"end":{"line":2,"column":44}},"2":{"start":{"line":3,"column":21},"end":{"line":3,"column":28}}},"fnMap":{},"branchMap":{},"s":{"0":1,"1":1,"2":1},"f":{},"b":{},"_coverageSchema":"332fd63041d2c1bcb487cc26dd0d5f7d97098a6c","hash":"4e2123f75cfaf7eaa735cb0ab87b24ee9be68f50"}
,"/home/richo/Documents/hacktiv8/phase3/final project/arniture-app/js/stores/register/reducers.js": {"path":"/home/richo/Documents/hacktiv8/phase3/final project/arniture-app/js/stores/register/reducers.js","statementMap":{"0":{"start":{"line":7,"column":21},"end":{"line":10,"column":1}},"1":{"start":{"line":12,"column":17},"end":{"line":32,"column":1}},"2":{"start":{"line":13,"column":2},"end":{"line":31,"column":3}},"3":{"start":{"line":15,"column":6},"end":{"line":18,"column":7}},"4":{"start":{"line":20,"column":6},"end":{"line":24,"column":7}},"5":{"start":{"line":26,"column":6},"end":{"line":28,"column":7}},"6":{"start":{"line":30,"column":6},"end":{"line":30,"column":18}}},"fnMap":{"0":{"name":"(anonymous_0)","decl":{"start":{"line":12,"column":17},"end":{"line":12,"column":18}},"loc":{"start":{"line":12,"column":58},"end":{"line":32,"column":1}},"line":12}},"branchMap":{"0":{"loc":{"start":{"line":12,"column":18},"end":{"line":12,"column":45}},"type":"default-arg","locations":[{"start":{"line":12,"column":26},"end":{"line":12,"column":45}}],"line":12},"1":{"loc":{"start":{"line":13,"column":2},"end":{"line":31,"column":3}},"type":"switch","locations":[{"start":{"line":14,"column":4},"end":{"line":18,"column":7}},{"start":{"line":19,"column":4},"end":{"line":24,"column":7}},{"start":{"line":25,"column":4},"end":{"line":28,"column":7}},{"start":{"line":29,"column":4},"end":{"line":30,"column":18}}],"line":13}},"s":{"0":1,"1":1,"2":3,"3":0,"4":0,"5":0,"6":3},"f":{"0":3},"b":{"0":[3],"1":[0,0,0,3]},"_coverageSchema":"332fd63041d2c1bcb487cc26dd0d5f7d97098a6c","hash":"0edf12ce1cb81cf157806c0c78e1dc85dd9559f3"}
}
