{"/home/barestu/Hacktiv8/arniture-shop/arniture-app/js/components/ARScene.js": {"path":"/home/barestu/Hacktiv8/arniture-shop/arniture-app/js/components/ARScene.js","statementMap":{"0":{"start":{"line":18,"column":17},"end":{"line":18,"column":19}},"1":{"start":{"line":19,"column":22},"end":{"line":19,"column":50}},"2":{"start":{"line":20,"column":23},"end":{"line":22,"column":6}},"3":{"start":{"line":21,"column":6},"end":{"line":21,"column":70}},"4":{"start":{"line":24,"column":4},"end":{"line":24,"column":17}},"5":{"start":{"line":28,"column":4},"end":{"line":33,"column":6}},"6":{"start":{"line":37,"column":24},"end":{"line":39,"column":2}},"7":{"start":{"line":37,"column":36},"end":{"line":39,"column":1}},"8":{"start":{"line":41,"column":27},"end":{"line":43,"column":12}},"9":{"start":{"line":41,"column":41},"end":{"line":43,"column":12}}},"fnMap":{"0":{"name":"(anonymous_0)","decl":{"start":{"line":17,"column":2},"end":{"line":17,"column":3}},"loc":{"start":{"line":17,"column":17},"end":{"line":25,"column":3}},"line":17},"1":{"name":"(anonymous_1)","decl":{"start":{"line":20,"column":41},"end":{"line":20,"column":42}},"loc":{"start":{"line":20,"column":60},"end":{"line":22,"column":5}},"line":20},"2":{"name":"(anonymous_2)","decl":{"start":{"line":27,"column":2},"end":{"line":27,"column":3}},"loc":{"start":{"line":27,"column":11},"end":{"line":34,"column":3}},"line":27},"3":{"name":"(anonymous_3)","decl":{"start":{"line":37,"column":24},"end":{"line":37,"column":25}},"loc":{"start":{"line":37,"column":36},"end":{"line":39,"column":1}},"line":37},"4":{"name":"(anonymous_4)","decl":{"start":{"line":41,"column":27},"end":{"line":41,"column":28}},"loc":{"start":{"line":41,"column":41},"end":{"line":43,"column":12}},"line":41}},"branchMap":{},"s":{"0":0,"1":0,"2":0,"3":0,"4":0,"5":0,"6":1,"7":0,"8":1,"9":0},"f":{"0":0,"1":0,"2":0,"3":0,"4":0},"b":{},"_coverageSchema":"332fd63041d2c1bcb487cc26dd0d5f7d97098a6c","hash":"c686f7bdb4ed0a597601a13ee08f8545d0f57889"}
,"/home/barestu/Hacktiv8/arniture-shop/arniture-app/js/components/ItemCard.js": {"path":"/home/barestu/Hacktiv8/arniture-shop/arniture-app/js/components/ItemCard.js","statementMap":{"0":{"start":{"line":19,"column":4},"end":{"line":19,"column":46}},"1":{"start":{"line":20,"column":4},"end":{"line":22,"column":5}},"2":{"start":{"line":21,"column":6},"end":{"line":21,"column":35}},"3":{"start":{"line":26,"column":4},"end":{"line":26,"column":86}},"4":{"start":{"line":27,"column":4},"end":{"line":27,"column":35}},"5":{"start":{"line":31,"column":20},"end":{"line":31,"column":54}},"6":{"start":{"line":32,"column":4},"end":{"line":49,"column":6}},"7":{"start":{"line":44,"column":54},"end":{"line":44,"column":65}},"8":{"start":{"line":45,"column":54},"end":{"line":45,"column":70}},"9":{"start":{"line":53,"column":14},"end":{"line":96,"column":2}},"10":{"start":{"line":98,"column":24},"end":{"line":101,"column":2}},"11":{"start":{"line":98,"column":36},"end":{"line":101,"column":1}},"12":{"start":{"line":103,"column":27},"end":{"line":106,"column":12}},"13":{"start":{"line":103,"column":41},"end":{"line":106,"column":12}}},"fnMap":{"0":{"name":"(anonymous_0)","decl":{"start":{"line":18,"column":9},"end":{"line":18,"column":10}},"loc":{"start":{"line":18,"column":15},"end":{"line":23,"column":3}},"line":18},"1":{"name":"(anonymous_1)","decl":{"start":{"line":25,"column":14},"end":{"line":25,"column":15}},"loc":{"start":{"line":25,"column":20},"end":{"line":28,"column":3}},"line":25},"2":{"name":"(anonymous_2)","decl":{"start":{"line":30,"column":2},"end":{"line":30,"column":3}},"loc":{"start":{"line":30,"column":11},"end":{"line":50,"column":3}},"line":30},"3":{"name":"(anonymous_3)","decl":{"start":{"line":44,"column":48},"end":{"line":44,"column":49}},"loc":{"start":{"line":44,"column":54},"end":{"line":44,"column":65}},"line":44},"4":{"name":"(anonymous_4)","decl":{"start":{"line":45,"column":48},"end":{"line":45,"column":49}},"loc":{"start":{"line":45,"column":54},"end":{"line":45,"column":70}},"line":45},"5":{"name":"(anonymous_5)","decl":{"start":{"line":98,"column":24},"end":{"line":98,"column":25}},"loc":{"start":{"line":98,"column":36},"end":{"line":101,"column":1}},"line":98},"6":{"name":"(anonymous_6)","decl":{"start":{"line":103,"column":27},"end":{"line":103,"column":28}},"loc":{"start":{"line":103,"column":41},"end":{"line":106,"column":12}},"line":103}},"branchMap":{"0":{"loc":{"start":{"line":20,"column":4},"end":{"line":22,"column":5}},"type":"if","locations":[{"start":{"line":20,"column":4},"end":{"line":22,"column":5}},{"start":{"line":20,"column":4},"end":{"line":22,"column":5}}],"line":20}},"s":{"0":0,"1":0,"2":0,"3":0,"4":0,"5":0,"6":0,"7":0,"8":0,"9":1,"10":1,"11":0,"12":1,"13":0},"f":{"0":0,"1":0,"2":0,"3":0,"4":0,"5":0,"6":0},"b":{"0":[0,0]},"_coverageSchema":"332fd63041d2c1bcb487cc26dd0d5f7d97098a6c","hash":"e8c3a374435261793fec5d695974bcc6aa34d3d8"}
,"/home/barestu/Hacktiv8/arniture-shop/arniture-app/js/components/ObjectAR.js": {"path":"/home/barestu/Hacktiv8/arniture-shop/arniture-app/js/components/ObjectAR.js","statementMap":{"0":{"start":{"line":21,"column":4},"end":{"line":21,"column":12}},"1":{"start":{"line":22,"column":4},"end":{"line":27,"column":6}},"2":{"start":{"line":31,"column":4},"end":{"line":36,"column":5}},"3":{"start":{"line":32,"column":6},"end":{"line":34,"column":8}},"4":{"start":{"line":35,"column":6},"end":{"line":35,"column":13}},"5":{"start":{"line":38,"column":4},"end":{"line":38,"column":136}},"6":{"start":{"line":42,"column":4},"end":{"line":42,"column":31}},"7":{"start":{"line":46,"column":20},"end":{"line":46,"column":53}},"8":{"start":{"line":47,"column":16},"end":{"line":51,"column":5}},"9":{"start":{"line":53,"column":4},"end":{"line":53,"column":45}},"10":{"start":{"line":54,"column":4},"end":{"line":54,"column":40}},"11":{"start":{"line":58,"column":4},"end":{"line":58,"column":90}},"12":{"start":{"line":59,"column":4},"end":{"line":59,"column":35}},"13":{"start":{"line":63,"column":4},"end":{"line":65,"column":6}},"14":{"start":{"line":66,"column":4},"end":{"line":82,"column":5}},"15":{"start":{"line":67,"column":6},"end":{"line":78,"column":7}},"16":{"start":{"line":71,"column":47},"end":{"line":71,"column":63}},"17":{"start":{"line":72,"column":42},"end":{"line":72,"column":59}},"18":{"start":{"line":79,"column":6},"end":{"line":81,"column":8}},"19":{"start":{"line":86,"column":4},"end":{"line":88,"column":6}},"20":{"start":{"line":92,"column":4},"end":{"line":99,"column":6}},"21":{"start":{"line":97,"column":13},"end":{"line":97,"column":47}},"22":{"start":{"line":98,"column":15},"end":{"line":98,"column":60}},"23":{"start":{"line":103,"column":4},"end":{"line":137,"column":6}},"24":{"start":{"line":141,"column":24},"end":{"line":144,"column":2}},"25":{"start":{"line":141,"column":36},"end":{"line":144,"column":1}},"26":{"start":{"line":146,"column":27},"end":{"line":151,"column":12}},"27":{"start":{"line":146,"column":41},"end":{"line":151,"column":12}}},"fnMap":{"0":{"name":"(anonymous_0)","decl":{"start":{"line":20,"column":2},"end":{"line":20,"column":3}},"loc":{"start":{"line":20,"column":16},"end":{"line":28,"column":3}},"line":20},"1":{"name":"(anonymous_1)","decl":{"start":{"line":30,"column":14},"end":{"line":30,"column":15}},"loc":{"start":{"line":30,"column":55},"end":{"line":39,"column":3}},"line":30},"2":{"name":"(anonymous_2)","decl":{"start":{"line":41,"column":18},"end":{"line":41,"column":19}},"loc":{"start":{"line":41,"column":33},"end":{"line":43,"column":3}},"line":41},"3":{"name":"(anonymous_3)","decl":{"start":{"line":45,"column":15},"end":{"line":45,"column":16}},"loc":{"start":{"line":45,"column":21},"end":{"line":55,"column":3}},"line":45},"4":{"name":"(anonymous_4)","decl":{"start":{"line":57,"column":14},"end":{"line":57,"column":15}},"loc":{"start":{"line":57,"column":20},"end":{"line":60,"column":3}},"line":57},"5":{"name":"(anonymous_5)","decl":{"start":{"line":62,"column":13},"end":{"line":62,"column":14}},"loc":{"start":{"line":62,"column":19},"end":{"line":83,"column":3}},"line":62},"6":{"name":"(anonymous_6)","decl":{"start":{"line":71,"column":41},"end":{"line":71,"column":42}},"loc":{"start":{"line":71,"column":47},"end":{"line":71,"column":63}},"line":71},"7":{"name":"(anonymous_7)","decl":{"start":{"line":72,"column":36},"end":{"line":72,"column":37}},"loc":{"start":{"line":72,"column":42},"end":{"line":72,"column":59}},"line":72},"8":{"name":"(anonymous_8)","decl":{"start":{"line":73,"column":36},"end":{"line":73,"column":37}},"loc":{"start":{"line":73,"column":42},"end":{"line":73,"column":44}},"line":73},"9":{"name":"(anonymous_9)","decl":{"start":{"line":85,"column":12},"end":{"line":85,"column":13}},"loc":{"start":{"line":85,"column":18},"end":{"line":89,"column":3}},"line":85},"10":{"name":"(anonymous_10)","decl":{"start":{"line":91,"column":15},"end":{"line":91,"column":16}},"loc":{"start":{"line":91,"column":21},"end":{"line":100,"column":3}},"line":91},"11":{"name":"(anonymous_11)","decl":{"start":{"line":97,"column":6},"end":{"line":97,"column":7}},"loc":{"start":{"line":97,"column":13},"end":{"line":97,"column":47}},"line":97},"12":{"name":"(anonymous_12)","decl":{"start":{"line":98,"column":6},"end":{"line":98,"column":7}},"loc":{"start":{"line":98,"column":15},"end":{"line":98,"column":60}},"line":98},"13":{"name":"(anonymous_13)","decl":{"start":{"line":102,"column":2},"end":{"line":102,"column":3}},"loc":{"start":{"line":102,"column":11},"end":{"line":138,"column":3}},"line":102},"14":{"name":"(anonymous_14)","decl":{"start":{"line":141,"column":24},"end":{"line":141,"column":25}},"loc":{"start":{"line":141,"column":36},"end":{"line":144,"column":1}},"line":141},"15":{"name":"(anonymous_15)","decl":{"start":{"line":146,"column":27},"end":{"line":146,"column":28}},"loc":{"start":{"line":146,"column":41},"end":{"line":151,"column":12}},"line":146}},"branchMap":{"0":{"loc":{"start":{"line":31,"column":4},"end":{"line":36,"column":5}},"type":"if","locations":[{"start":{"line":31,"column":4},"end":{"line":36,"column":5}},{"start":{"line":31,"column":4},"end":{"line":36,"column":5}}],"line":31},"1":{"loc":{"start":{"line":66,"column":4},"end":{"line":82,"column":5}},"type":"if","locations":[{"start":{"line":66,"column":4},"end":{"line":82,"column":5}},{"start":{"line":66,"column":4},"end":{"line":82,"column":5}}],"line":66}},"s":{"0":0,"1":0,"2":0,"3":0,"4":0,"5":0,"6":0,"7":0,"8":0,"9":0,"10":0,"11":0,"12":0,"13":0,"14":0,"15":0,"16":0,"17":0,"18":0,"19":0,"20":0,"21":0,"22":0,"23":0,"24":1,"25":0,"26":1,"27":0},"f":{"0":0,"1":0,"2":0,"3":0,"4":0,"5":0,"6":0,"7":0,"8":0,"9":0,"10":0,"11":0,"12":0,"13":0,"14":0,"15":0},"b":{"0":[0,0],"1":[0,0]},"_coverageSchema":"332fd63041d2c1bcb487cc26dd0d5f7d97098a6c","hash":"74c5e4b48a9a60fa12d6e9c51affe48b9c1b8991"}
,"/home/barestu/Hacktiv8/arniture-shop/arniture-app/js/screens/AR.js": {"path":"/home/barestu/Hacktiv8/arniture-shop/arniture-app/js/screens/AR.js","statementMap":{"0":{"start":{"line":29,"column":4},"end":{"line":29,"column":11}},"1":{"start":{"line":30,"column":4},"end":{"line":32,"column":5}},"2":{"start":{"line":36,"column":4},"end":{"line":36,"column":36}},"3":{"start":{"line":40,"column":4},"end":{"line":40,"column":42}},"4":{"start":{"line":44,"column":4},"end":{"line":44,"column":42}},"5":{"start":{"line":48,"column":17},"end":{"line":48,"column":38}},"6":{"start":{"line":49,"column":21},"end":{"line":49,"column":23}},"7":{"start":{"line":50,"column":4},"end":{"line":52,"column":6}},"8":{"start":{"line":51,"column":6},"end":{"line":51,"column":56}},"9":{"start":{"line":53,"column":4},"end":{"line":53,"column":21}},"10":{"start":{"line":57,"column":4},"end":{"line":64,"column":6}},"11":{"start":{"line":62,"column":13},"end":{"line":62,"column":45}},"12":{"start":{"line":63,"column":15},"end":{"line":63,"column":65}},"13":{"start":{"line":65,"column":4},"end":{"line":65,"column":50}},"14":{"start":{"line":69,"column":4},"end":{"line":125,"column":5}},"15":{"start":{"line":72,"column":24},"end":{"line":72,"column":52}},"16":{"start":{"line":89,"column":27},"end":{"line":89,"column":40}},"17":{"start":{"line":97,"column":27},"end":{"line":97,"column":45}},"18":{"start":{"line":105,"column":27},"end":{"line":105,"column":40}},"19":{"start":{"line":119,"column":27},"end":{"line":119,"column":50}},"20":{"start":{"line":129,"column":15},"end":{"line":174,"column":2}},"21":{"start":{"line":176,"column":24},"end":{"line":180,"column":2}},"22":{"start":{"line":176,"column":36},"end":{"line":180,"column":1}},"23":{"start":{"line":182,"column":27},"end":{"line":187,"column":12}},"24":{"start":{"line":182,"column":41},"end":{"line":187,"column":12}}},"fnMap":{"0":{"name":"(anonymous_0)","decl":{"start":{"line":28,"column":2},"end":{"line":28,"column":3}},"loc":{"start":{"line":28,"column":16},"end":{"line":33,"column":3}},"line":28},"1":{"name":"(anonymous_1)","decl":{"start":{"line":35,"column":19},"end":{"line":35,"column":20}},"loc":{"start":{"line":35,"column":25},"end":{"line":37,"column":3}},"line":35},"2":{"name":"(anonymous_2)","decl":{"start":{"line":39,"column":2},"end":{"line":39,"column":3}},"loc":{"start":{"line":39,"column":11},"end":{"line":41,"column":3}},"line":39},"3":{"name":"(anonymous_3)","decl":{"start":{"line":43,"column":2},"end":{"line":43,"column":3}},"loc":{"start":{"line":43,"column":11},"end":{"line":45,"column":3}},"line":43},"4":{"name":"(anonymous_4)","decl":{"start":{"line":47,"column":2},"end":{"line":47,"column":3}},"loc":{"start":{"line":47,"column":15},"end":{"line":54,"column":3}},"line":47},"5":{"name":"(anonymous_5)","decl":{"start":{"line":50,"column":17},"end":{"line":50,"column":18}},"loc":{"start":{"line":50,"column":22},"end":{"line":52,"column":5}},"line":50},"6":{"name":"(anonymous_6)","decl":{"start":{"line":56,"column":24},"end":{"line":56,"column":25}},"loc":{"start":{"line":56,"column":28},"end":{"line":66,"column":3}},"line":56},"7":{"name":"(anonymous_7)","decl":{"start":{"line":62,"column":6},"end":{"line":62,"column":7}},"loc":{"start":{"line":62,"column":13},"end":{"line":62,"column":45}},"line":62},"8":{"name":"(anonymous_8)","decl":{"start":{"line":63,"column":6},"end":{"line":63,"column":7}},"loc":{"start":{"line":63,"column":15},"end":{"line":63,"column":65}},"line":63},"9":{"name":"(anonymous_9)","decl":{"start":{"line":68,"column":2},"end":{"line":68,"column":3}},"loc":{"start":{"line":68,"column":12},"end":{"line":126,"column":3}},"line":68},"10":{"name":"(anonymous_10)","decl":{"start":{"line":72,"column":18},"end":{"line":72,"column":19}},"loc":{"start":{"line":72,"column":24},"end":{"line":72,"column":52}},"line":72},"11":{"name":"(anonymous_11)","decl":{"start":{"line":89,"column":21},"end":{"line":89,"column":22}},"loc":{"start":{"line":89,"column":27},"end":{"line":89,"column":40}},"line":89},"12":{"name":"(anonymous_12)","decl":{"start":{"line":97,"column":21},"end":{"line":97,"column":22}},"loc":{"start":{"line":97,"column":27},"end":{"line":97,"column":45}},"line":97},"13":{"name":"(anonymous_13)","decl":{"start":{"line":105,"column":21},"end":{"line":105,"column":22}},"loc":{"start":{"line":105,"column":27},"end":{"line":105,"column":40}},"line":105},"14":{"name":"(anonymous_14)","decl":{"start":{"line":119,"column":21},"end":{"line":119,"column":22}},"loc":{"start":{"line":119,"column":27},"end":{"line":119,"column":50}},"line":119},"15":{"name":"(anonymous_15)","decl":{"start":{"line":176,"column":24},"end":{"line":176,"column":25}},"loc":{"start":{"line":176,"column":36},"end":{"line":180,"column":1}},"line":176},"16":{"name":"(anonymous_16)","decl":{"start":{"line":182,"column":27},"end":{"line":182,"column":28}},"loc":{"start":{"line":182,"column":41},"end":{"line":187,"column":12}},"line":182}},"branchMap":{},"s":{"0":0,"1":0,"2":0,"3":0,"4":0,"5":0,"6":0,"7":0,"8":0,"9":0,"10":0,"11":0,"12":0,"13":0,"14":0,"15":0,"16":0,"17":0,"18":0,"19":0,"20":1,"21":1,"22":0,"23":1,"24":0},"f":{"0":0,"1":0,"2":0,"3":0,"4":0,"5":0,"6":0,"7":0,"8":0,"9":0,"10":0,"11":0,"12":0,"13":0,"14":0,"15":0,"16":0},"b":{},"_coverageSchema":"332fd63041d2c1bcb487cc26dd0d5f7d97098a6c","hash":"6455281a72f0a2654dfa0f57283dbf4951a7ef37"}
,"/home/barestu/Hacktiv8/arniture-shop/arniture-app/js/screens/Login.js": {"path":"/home/barestu/Hacktiv8/arniture-shop/arniture-app/js/screens/Login.js","statementMap":{"0":{"start":{"line":15,"column":4},"end":{"line":15,"column":16}},"1":{"start":{"line":16,"column":4},"end":{"line":19,"column":5}},"2":{"start":{"line":23,"column":4},"end":{"line":23,"column":46}},"3":{"start":{"line":27,"column":3},"end":{"line":27,"column":64}},"4":{"start":{"line":29,"column":3},"end":{"line":31,"column":4}},"5":{"start":{"line":30,"column":5},"end":{"line":30,"column":43}},"6":{"start":{"line":33,"column":3},"end":{"line":33,"column":24}},"7":{"start":{"line":34,"column":3},"end":{"line":34,"column":27}},"8":{"start":{"line":38,"column":4},"end":{"line":40,"column":5}},"9":{"start":{"line":39,"column":6},"end":{"line":39,"column":44}},"10":{"start":{"line":41,"column":4},"end":{"line":71,"column":5}},"11":{"start":{"line":51,"column":23},"end":{"line":51,"column":47}},"12":{"start":{"line":57,"column":38},"end":{"line":57,"column":65}},"13":{"start":{"line":75,"column":15},"end":{"line":102,"column":2}},"14":{"start":{"line":104,"column":24},"end":{"line":108,"column":2}},"15":{"start":{"line":104,"column":36},"end":{"line":108,"column":1}},"16":{"start":{"line":110,"column":27},"end":{"line":113,"column":12}},"17":{"start":{"line":110,"column":41},"end":{"line":113,"column":12}}},"fnMap":{"0":{"name":"(anonymous_0)","decl":{"start":{"line":14,"column":2},"end":{"line":14,"column":3}},"loc":{"start":{"line":14,"column":22},"end":{"line":20,"column":3}},"line":14},"1":{"name":"(anonymous_1)","decl":{"start":{"line":22,"column":15},"end":{"line":22,"column":16}},"loc":{"start":{"line":22,"column":21},"end":{"line":24,"column":3}},"line":22},"2":{"name":"(anonymous_2)","decl":{"start":{"line":26,"column":10},"end":{"line":26,"column":11}},"loc":{"start":{"line":26,"column":22},"end":{"line":35,"column":3}},"line":26},"3":{"name":"(anonymous_3)","decl":{"start":{"line":37,"column":2},"end":{"line":37,"column":3}},"loc":{"start":{"line":37,"column":12},"end":{"line":72,"column":3}},"line":37},"4":{"name":"(anonymous_4)","decl":{"start":{"line":51,"column":12},"end":{"line":51,"column":13}},"loc":{"start":{"line":51,"column":23},"end":{"line":51,"column":47}},"line":51},"5":{"name":"(anonymous_5)","decl":{"start":{"line":57,"column":24},"end":{"line":57,"column":25}},"loc":{"start":{"line":57,"column":38},"end":{"line":57,"column":65}},"line":57},"6":{"name":"(anonymous_6)","decl":{"start":{"line":104,"column":24},"end":{"line":104,"column":25}},"loc":{"start":{"line":104,"column":36},"end":{"line":108,"column":1}},"line":104},"7":{"name":"(anonymous_7)","decl":{"start":{"line":110,"column":27},"end":{"line":110,"column":28}},"loc":{"start":{"line":110,"column":41},"end":{"line":113,"column":12}},"line":110}},"branchMap":{"0":{"loc":{"start":{"line":29,"column":3},"end":{"line":31,"column":4}},"type":"if","locations":[{"start":{"line":29,"column":3},"end":{"line":31,"column":4}},{"start":{"line":29,"column":3},"end":{"line":31,"column":4}}],"line":29},"1":{"loc":{"start":{"line":38,"column":4},"end":{"line":40,"column":5}},"type":"if","locations":[{"start":{"line":38,"column":4},"end":{"line":40,"column":5}},{"start":{"line":38,"column":4},"end":{"line":40,"column":5}}],"line":38}},"s":{"0":1,"1":1,"2":0,"3":0,"4":0,"5":0,"6":0,"7":0,"8":1,"9":0,"10":1,"11":0,"12":0,"13":1,"14":1,"15":0,"16":1,"17":0},"f":{"0":1,"1":0,"2":0,"3":1,"4":0,"5":0,"6":0,"7":0},"b":{"0":[0,0],"1":[0,1]},"_coverageSchema":"332fd63041d2c1bcb487cc26dd0d5f7d97098a6c","hash":"142b3cd524f4a7f004dc826e4c36028dbbe31a2d"}
,"/home/barestu/Hacktiv8/arniture-shop/arniture-app/js/screens/Register.js": {"path":"/home/barestu/Hacktiv8/arniture-shop/arniture-app/js/screens/Register.js","statementMap":{"0":{"start":{"line":16,"column":4},"end":{"line":16,"column":17}},"1":{"start":{"line":17,"column":4},"end":{"line":20,"column":5}},"2":{"start":{"line":24,"column":4},"end":{"line":24,"column":43}},"3":{"start":{"line":28,"column":4},"end":{"line":28,"column":62}},"4":{"start":{"line":29,"column":4},"end":{"line":34,"column":5}},"5":{"start":{"line":30,"column":6},"end":{"line":30,"column":61}},"6":{"start":{"line":31,"column":6},"end":{"line":31,"column":44}},"7":{"start":{"line":32,"column":6},"end":{"line":32,"column":27}},"8":{"start":{"line":33,"column":6},"end":{"line":33,"column":30}},"9":{"start":{"line":38,"column":4},"end":{"line":68,"column":5}},"10":{"start":{"line":45,"column":23},"end":{"line":45,"column":47}},"11":{"start":{"line":52,"column":26},"end":{"line":52,"column":53}},"12":{"start":{"line":72,"column":15},"end":{"line":99,"column":2}},"13":{"start":{"line":101,"column":24},"end":{"line":104,"column":2}},"14":{"start":{"line":101,"column":36},"end":{"line":104,"column":1}},"15":{"start":{"line":106,"column":27},"end":{"line":109,"column":12}},"16":{"start":{"line":106,"column":41},"end":{"line":109,"column":12}}},"fnMap":{"0":{"name":"(anonymous_0)","decl":{"start":{"line":15,"column":2},"end":{"line":15,"column":3}},"loc":{"start":{"line":15,"column":22},"end":{"line":21,"column":3}},"line":15},"1":{"name":"(anonymous_1)","decl":{"start":{"line":23,"column":12},"end":{"line":23,"column":13}},"loc":{"start":{"line":23,"column":18},"end":{"line":25,"column":3}},"line":23},"2":{"name":"(anonymous_2)","decl":{"start":{"line":27,"column":13},"end":{"line":27,"column":14}},"loc":{"start":{"line":27,"column":19},"end":{"line":35,"column":3}},"line":27},"3":{"name":"(anonymous_3)","decl":{"start":{"line":37,"column":2},"end":{"line":37,"column":3}},"loc":{"start":{"line":37,"column":12},"end":{"line":69,"column":3}},"line":37},"4":{"name":"(anonymous_4)","decl":{"start":{"line":45,"column":12},"end":{"line":45,"column":13}},"loc":{"start":{"line":45,"column":23},"end":{"line":45,"column":47}},"line":45},"5":{"name":"(anonymous_5)","decl":{"start":{"line":52,"column":12},"end":{"line":52,"column":13}},"loc":{"start":{"line":52,"column":26},"end":{"line":52,"column":53}},"line":52},"6":{"name":"(anonymous_6)","decl":{"start":{"line":101,"column":24},"end":{"line":101,"column":25}},"loc":{"start":{"line":101,"column":36},"end":{"line":104,"column":1}},"line":101},"7":{"name":"(anonymous_7)","decl":{"start":{"line":106,"column":27},"end":{"line":106,"column":28}},"loc":{"start":{"line":106,"column":41},"end":{"line":109,"column":12}},"line":106}},"branchMap":{"0":{"loc":{"start":{"line":29,"column":4},"end":{"line":34,"column":5}},"type":"if","locations":[{"start":{"line":29,"column":4},"end":{"line":34,"column":5}},{"start":{"line":29,"column":4},"end":{"line":34,"column":5}}],"line":29}},"s":{"0":1,"1":1,"2":0,"3":0,"4":0,"5":0,"6":0,"7":0,"8":0,"9":1,"10":0,"11":0,"12":1,"13":1,"14":0,"15":1,"16":0},"f":{"0":1,"1":0,"2":0,"3":1,"4":0,"5":0,"6":0,"7":0},"b":{"0":[0,0]},"_coverageSchema":"332fd63041d2c1bcb487cc26dd0d5f7d97098a6c","hash":"ecf497a9028c1cf48469797b69842390fb9d274c"}
,"/home/barestu/Hacktiv8/arniture-shop/arniture-app/js/stores/index.js": {"path":"/home/barestu/Hacktiv8/arniture-shop/arniture-app/js/stores/index.js","statementMap":{"0":{"start":{"line":9,"column":17},"end":{"line":15,"column":2}},"1":{"start":{"line":17,"column":14},"end":{"line":20,"column":1}}},"fnMap":{},"branchMap":{},"s":{"0":3,"1":3},"f":{},"b":{},"_coverageSchema":"332fd63041d2c1bcb487cc26dd0d5f7d97098a6c","hash":"f554e33076a1e43ea788b1d00098e58f17c4a1ed"}
,"/home/barestu/Hacktiv8/arniture-shop/arniture-app/js/stores/cart/action.js": {"path":"/home/barestu/Hacktiv8/arniture-shop/arniture-app/js/stores/cart/action.js","statementMap":{"0":{"start":{"line":10,"column":15},"end":{"line":10,"column":65}},"1":{"start":{"line":11,"column":23},"end":{"line":26,"column":1}},"2":{"start":{"line":12,"column":2},"end":{"line":25,"column":3}},"3":{"start":{"line":13,"column":4},"end":{"line":13,"column":30}},"4":{"start":{"line":14,"column":4},"end":{"line":24,"column":8}},"5":{"start":{"line":20,"column":8},"end":{"line":20,"column":52}},"6":{"start":{"line":23,"column":8},"end":{"line":23,"column":35}},"7":{"start":{"line":27,"column":32},"end":{"line":37,"column":1}},"8":{"start":{"line":28,"column":2},"end":{"line":36,"column":3}},"9":{"start":{"line":29,"column":4},"end":{"line":35,"column":8}},"10":{"start":{"line":31,"column":8},"end":{"line":31,"column":29}},"11":{"start":{"line":34,"column":8},"end":{"line":34,"column":24}},"12":{"start":{"line":38,"column":32},"end":{"line":48,"column":1}},"13":{"start":{"line":39,"column":2},"end":{"line":47,"column":3}},"14":{"start":{"line":40,"column":4},"end":{"line":46,"column":8}},"15":{"start":{"line":42,"column":8},"end":{"line":42,"column":29}},"16":{"start":{"line":45,"column":8},"end":{"line":45,"column":24}},"17":{"start":{"line":49,"column":25},"end":{"line":68,"column":1}},"18":{"start":{"line":50,"column":2},"end":{"line":67,"column":3}},"19":{"start":{"line":52,"column":4},"end":{"line":66,"column":8}},"20":{"start":{"line":62,"column":8},"end":{"line":62,"column":29}},"21":{"start":{"line":65,"column":8},"end":{"line":65,"column":24}},"22":{"start":{"line":70,"column":25},"end":{"line":73,"column":2}},"23":{"start":{"line":70,"column":39},"end":{"line":73,"column":1}},"24":{"start":{"line":75,"column":26},"end":{"line":83,"column":1}},"25":{"start":{"line":76,"column":2},"end":{"line":82,"column":6}},"26":{"start":{"line":78,"column":6},"end":{"line":78,"column":27}},"27":{"start":{"line":81,"column":6},"end":{"line":81,"column":22}},"28":{"start":{"line":84,"column":23},"end":{"line":86,"column":2}},"29":{"start":{"line":84,"column":30},"end":{"line":86,"column":1}},"30":{"start":{"line":87,"column":21},"end":{"line":90,"column":2}},"31":{"start":{"line":87,"column":31},"end":{"line":90,"column":1}},"32":{"start":{"line":91,"column":23},"end":{"line":94,"column":2}},"33":{"start":{"line":91,"column":37},"end":{"line":94,"column":1}},"34":{"start":{"line":95,"column":26},"end":{"line":99,"column":1}},"35":{"start":{"line":96,"column":2},"end":{"line":98,"column":3}},"36":{"start":{"line":97,"column":4},"end":{"line":97,"column":38}},"37":{"start":{"line":100,"column":24},"end":{"line":103,"column":2}},"38":{"start":{"line":100,"column":38},"end":{"line":103,"column":1}},"39":{"start":{"line":104,"column":26},"end":{"line":114,"column":1}},"40":{"start":{"line":105,"column":2},"end":{"line":113,"column":3}},"41":{"start":{"line":106,"column":4},"end":{"line":112,"column":8}},"42":{"start":{"line":108,"column":8},"end":{"line":108,"column":29}},"43":{"start":{"line":111,"column":8},"end":{"line":111,"column":24}}},"fnMap":{"0":{"name":"(anonymous_0)","decl":{"start":{"line":11,"column":23},"end":{"line":11,"column":24}},"loc":{"start":{"line":11,"column":34},"end":{"line":26,"column":1}},"line":11},"1":{"name":"(anonymous_1)","decl":{"start":{"line":12,"column":9},"end":{"line":12,"column":10}},"loc":{"start":{"line":12,"column":21},"end":{"line":25,"column":3}},"line":12},"2":{"name":"(anonymous_2)","decl":{"start":{"line":19,"column":12},"end":{"line":19,"column":13}},"loc":{"start":{"line":19,"column":32},"end":{"line":21,"column":7}},"line":19},"3":{"name":"(anonymous_3)","decl":{"start":{"line":22,"column":13},"end":{"line":22,"column":14}},"loc":{"start":{"line":22,"column":28},"end":{"line":24,"column":7}},"line":22},"4":{"name":"(anonymous_4)","decl":{"start":{"line":27,"column":32},"end":{"line":27,"column":33}},"loc":{"start":{"line":27,"column":44},"end":{"line":37,"column":1}},"line":27},"5":{"name":"(anonymous_5)","decl":{"start":{"line":28,"column":9},"end":{"line":28,"column":10}},"loc":{"start":{"line":28,"column":21},"end":{"line":36,"column":3}},"line":28},"6":{"name":"(anonymous_6)","decl":{"start":{"line":30,"column":12},"end":{"line":30,"column":13}},"loc":{"start":{"line":30,"column":32},"end":{"line":32,"column":7}},"line":30},"7":{"name":"(anonymous_7)","decl":{"start":{"line":33,"column":13},"end":{"line":33,"column":14}},"loc":{"start":{"line":33,"column":28},"end":{"line":35,"column":7}},"line":33},"8":{"name":"(anonymous_8)","decl":{"start":{"line":38,"column":32},"end":{"line":38,"column":33}},"loc":{"start":{"line":38,"column":44},"end":{"line":48,"column":1}},"line":38},"9":{"name":"(anonymous_9)","decl":{"start":{"line":39,"column":9},"end":{"line":39,"column":10}},"loc":{"start":{"line":39,"column":21},"end":{"line":47,"column":3}},"line":39},"10":{"name":"(anonymous_10)","decl":{"start":{"line":41,"column":12},"end":{"line":41,"column":13}},"loc":{"start":{"line":41,"column":32},"end":{"line":43,"column":7}},"line":41},"11":{"name":"(anonymous_11)","decl":{"start":{"line":44,"column":13},"end":{"line":44,"column":14}},"loc":{"start":{"line":44,"column":28},"end":{"line":46,"column":7}},"line":44},"12":{"name":"(anonymous_12)","decl":{"start":{"line":49,"column":25},"end":{"line":49,"column":26}},"loc":{"start":{"line":49,"column":51},"end":{"line":68,"column":1}},"line":49},"13":{"name":"(anonymous_13)","decl":{"start":{"line":50,"column":9},"end":{"line":50,"column":10}},"loc":{"start":{"line":50,"column":21},"end":{"line":67,"column":3}},"line":50},"14":{"name":"(anonymous_14)","decl":{"start":{"line":61,"column":12},"end":{"line":61,"column":13}},"loc":{"start":{"line":61,"column":32},"end":{"line":63,"column":7}},"line":61},"15":{"name":"(anonymous_15)","decl":{"start":{"line":64,"column":13},"end":{"line":64,"column":14}},"loc":{"start":{"line":64,"column":28},"end":{"line":66,"column":7}},"line":64},"16":{"name":"(anonymous_16)","decl":{"start":{"line":70,"column":25},"end":{"line":70,"column":26}},"loc":{"start":{"line":70,"column":39},"end":{"line":73,"column":1}},"line":70},"17":{"name":"(anonymous_17)","decl":{"start":{"line":75,"column":26},"end":{"line":75,"column":27}},"loc":{"start":{"line":75,"column":38},"end":{"line":83,"column":1}},"line":75},"18":{"name":"(anonymous_18)","decl":{"start":{"line":77,"column":10},"end":{"line":77,"column":11}},"loc":{"start":{"line":77,"column":30},"end":{"line":79,"column":5}},"line":77},"19":{"name":"(anonymous_19)","decl":{"start":{"line":80,"column":11},"end":{"line":80,"column":12}},"loc":{"start":{"line":80,"column":26},"end":{"line":82,"column":5}},"line":80},"20":{"name":"(anonymous_20)","decl":{"start":{"line":84,"column":23},"end":{"line":84,"column":24}},"loc":{"start":{"line":84,"column":30},"end":{"line":86,"column":1}},"line":84},"21":{"name":"(anonymous_21)","decl":{"start":{"line":87,"column":21},"end":{"line":87,"column":22}},"loc":{"start":{"line":87,"column":31},"end":{"line":90,"column":1}},"line":87},"22":{"name":"(anonymous_22)","decl":{"start":{"line":91,"column":23},"end":{"line":91,"column":24}},"loc":{"start":{"line":91,"column":37},"end":{"line":94,"column":1}},"line":91},"23":{"name":"(anonymous_23)","decl":{"start":{"line":95,"column":26},"end":{"line":95,"column":27}},"loc":{"start":{"line":95,"column":39},"end":{"line":99,"column":1}},"line":95},"24":{"name":"(anonymous_24)","decl":{"start":{"line":96,"column":9},"end":{"line":96,"column":10}},"loc":{"start":{"line":96,"column":21},"end":{"line":98,"column":3}},"line":96},"25":{"name":"(anonymous_25)","decl":{"start":{"line":100,"column":24},"end":{"line":100,"column":25}},"loc":{"start":{"line":100,"column":38},"end":{"line":103,"column":1}},"line":100},"26":{"name":"(anonymous_26)","decl":{"start":{"line":104,"column":26},"end":{"line":104,"column":27}},"loc":{"start":{"line":104,"column":43},"end":{"line":114,"column":1}},"line":104},"27":{"name":"(anonymous_27)","decl":{"start":{"line":105,"column":9},"end":{"line":105,"column":10}},"loc":{"start":{"line":105,"column":21},"end":{"line":113,"column":3}},"line":105},"28":{"name":"(anonymous_28)","decl":{"start":{"line":107,"column":12},"end":{"line":107,"column":13}},"loc":{"start":{"line":107,"column":32},"end":{"line":109,"column":7}},"line":107},"29":{"name":"(anonymous_29)","decl":{"start":{"line":110,"column":13},"end":{"line":110,"column":14}},"loc":{"start":{"line":110,"column":28},"end":{"line":112,"column":7}},"line":110}},"branchMap":{},"s":{"0":1,"1":1,"2":0,"3":0,"4":0,"5":0,"6":0,"7":1,"8":0,"9":0,"10":0,"11":0,"12":1,"13":0,"14":0,"15":0,"16":0,"17":1,"18":0,"19":0,"20":0,"21":0,"22":1,"23":0,"24":1,"25":0,"26":0,"27":0,"28":1,"29":0,"30":1,"31":0,"32":1,"33":0,"34":1,"35":0,"36":0,"37":1,"38":0,"39":1,"40":0,"41":0,"42":0,"43":0},"f":{"0":0,"1":0,"2":0,"3":0,"4":0,"5":0,"6":0,"7":0,"8":0,"9":0,"10":0,"11":0,"12":0,"13":0,"14":0,"15":0,"16":0,"17":0,"18":0,"19":0,"20":0,"21":0,"22":0,"23":0,"24":0,"25":0,"26":0,"27":0,"28":0,"29":0},"b":{},"_coverageSchema":"332fd63041d2c1bcb487cc26dd0d5f7d97098a6c","hash":"9cade224b4f8d034fbacce576f353169c588c83e"}
,"/home/barestu/Hacktiv8/arniture-shop/arniture-app/js/stores/cart/action.types.js": {"path":"/home/barestu/Hacktiv8/arniture-shop/arniture-app/js/stores/cart/action.types.js","statementMap":{"0":{"start":{"line":1,"column":32},"end":{"line":1,"column":50}},"1":{"start":{"line":2,"column":30},"end":{"line":2,"column":46}},"2":{"start":{"line":3,"column":32},"end":{"line":3,"column":50}},"3":{"start":{"line":4,"column":27},"end":{"line":4,"column":40}},"4":{"start":{"line":5,"column":33},"end":{"line":5,"column":52}},"5":{"start":{"line":6,"column":33},"end":{"line":6,"column":52}},"6":{"start":{"line":7,"column":27},"end":{"line":7,"column":40}}},"fnMap":{},"branchMap":{},"s":{"0":3,"1":3,"2":3,"3":3,"4":3,"5":3,"6":3},"f":{},"b":{},"_coverageSchema":"332fd63041d2c1bcb487cc26dd0d5f7d97098a6c","hash":"a64dc97e00b4acf1d5224e75754a331e6f5934dd"}
,"/home/barestu/Hacktiv8/arniture-shop/arniture-app/js/stores/cart/reducers.js": {"path":"/home/barestu/Hacktiv8/arniture-shop/arniture-app/js/stores/cart/reducers.js","statementMap":{"0":{"start":{"line":8,"column":21},"end":{"line":15,"column":1}},"1":{"start":{"line":16,"column":21},"end":{"line":51,"column":1}},"2":{"start":{"line":17,"column":2},"end":{"line":50,"column":3}},"3":{"start":{"line":19,"column":6},"end":{"line":22,"column":7}},"4":{"start":{"line":24,"column":6},"end":{"line":31,"column":7}},"5":{"start":{"line":33,"column":6},"end":{"line":37,"column":7}},"6":{"start":{"line":39,"column":6},"end":{"line":42,"column":7}},"7":{"start":{"line":44,"column":6},"end":{"line":47,"column":7}},"8":{"start":{"line":49,"column":4},"end":{"line":49,"column":17}}},"fnMap":{"0":{"name":"(anonymous_0)","decl":{"start":{"line":16,"column":21},"end":{"line":16,"column":22}},"loc":{"start":{"line":16,"column":60},"end":{"line":51,"column":1}},"line":16}},"branchMap":{"0":{"loc":{"start":{"line":16,"column":22},"end":{"line":16,"column":47}},"type":"default-arg","locations":[{"start":{"line":16,"column":30},"end":{"line":16,"column":47}}],"line":16},"1":{"loc":{"start":{"line":17,"column":2},"end":{"line":50,"column":3}},"type":"switch","locations":[{"start":{"line":18,"column":4},"end":{"line":22,"column":7}},{"start":{"line":23,"column":4},"end":{"line":31,"column":7}},{"start":{"line":32,"column":4},"end":{"line":37,"column":7}},{"start":{"line":38,"column":4},"end":{"line":42,"column":7}},{"start":{"line":43,"column":4},"end":{"line":47,"column":7}},{"start":{"line":48,"column":4},"end":{"line":49,"column":17}}],"line":17}},"s":{"0":3,"1":3,"2":9,"3":0,"4":0,"5":0,"6":0,"7":0,"8":9},"f":{"0":9},"b":{"0":[9],"1":[0,0,0,0,0,9]},"_coverageSchema":"332fd63041d2c1bcb487cc26dd0d5f7d97098a6c","hash":"b706c916ebd5081129b8a2e35fbe78ca9e038ff3"}
,"/home/barestu/Hacktiv8/arniture-shop/arniture-app/js/stores/items/action.types.js": {"path":"/home/barestu/Hacktiv8/arniture-shop/arniture-app/js/stores/items/action.types.js","statementMap":{"0":{"start":{"line":1,"column":33},"end":{"line":1,"column":52}},"1":{"start":{"line":2,"column":31},"end":{"line":2,"column":48}},"2":{"start":{"line":3,"column":33},"end":{"line":3,"column":52}}},"fnMap":{},"branchMap":{},"s":{"0":3,"1":3,"2":3},"f":{},"b":{},"_coverageSchema":"332fd63041d2c1bcb487cc26dd0d5f7d97098a6c","hash":"3420d3126137086c2e72f1f5da28d12c2f94ff88"}
,"/home/barestu/Hacktiv8/arniture-shop/arniture-app/js/stores/items/reducers.js": {"path":"/home/barestu/Hacktiv8/arniture-shop/arniture-app/js/stores/items/reducers.js","statementMap":{"0":{"start":{"line":6,"column":21},"end":{"line":13,"column":1}},"1":{"start":{"line":15,"column":17},"end":{"line":40,"column":1}},"2":{"start":{"line":16,"column":2},"end":{"line":39,"column":3}},"3":{"start":{"line":18,"column":6},"end":{"line":21,"column":7}},"4":{"start":{"line":23,"column":6},"end":{"line":30,"column":7}},"5":{"start":{"line":32,"column":6},"end":{"line":36,"column":7}},"6":{"start":{"line":38,"column":4},"end":{"line":38,"column":16}}},"fnMap":{"0":{"name":"(anonymous_0)","decl":{"start":{"line":15,"column":17},"end":{"line":15,"column":18}},"loc":{"start":{"line":15,"column":56},"end":{"line":40,"column":1}},"line":15}},"branchMap":{"0":{"loc":{"start":{"line":15,"column":18},"end":{"line":15,"column":43}},"type":"default-arg","locations":[{"start":{"line":15,"column":26},"end":{"line":15,"column":43}}],"line":15},"1":{"loc":{"start":{"line":16,"column":2},"end":{"line":39,"column":3}},"type":"switch","locations":[{"start":{"line":17,"column":4},"end":{"line":21,"column":7}},{"start":{"line":22,"column":4},"end":{"line":30,"column":7}},{"start":{"line":31,"column":4},"end":{"line":36,"column":7}},{"start":{"line":37,"column":4},"end":{"line":38,"column":16}}],"line":16}},"s":{"0":3,"1":3,"2":9,"3":0,"4":0,"5":0,"6":9},"f":{"0":9},"b":{"0":[9],"1":[0,0,0,9]},"_coverageSchema":"332fd63041d2c1bcb487cc26dd0d5f7d97098a6c","hash":"591b7c0b532eea23e1be632a7875cdf0fed54512"}
,"/home/barestu/Hacktiv8/arniture-shop/arniture-app/js/stores/login/action.js": {"path":"/home/barestu/Hacktiv8/arniture-shop/arniture-app/js/stores/login/action.js","statementMap":{"0":{"start":{"line":9,"column":17},"end":{"line":9,"column":79}},"1":{"start":{"line":11,"column":21},"end":{"line":26,"column":1}},"2":{"start":{"line":12,"column":2},"end":{"line":25,"column":3}},"3":{"start":{"line":13,"column":4},"end":{"line":24,"column":8}},"4":{"start":{"line":19,"column":8},"end":{"line":19,"column":52}},"5":{"start":{"line":20,"column":8},"end":{"line":20,"column":51}},"6":{"start":{"line":23,"column":8},"end":{"line":23,"column":54}},"7":{"start":{"line":28,"column":18},"end":{"line":31,"column":2}},"8":{"start":{"line":28,"column":28},"end":{"line":31,"column":1}},"9":{"start":{"line":33,"column":21},"end":{"line":36,"column":2}},"10":{"start":{"line":33,"column":33},"end":{"line":36,"column":1}},"11":{"start":{"line":38,"column":31},"end":{"line":42,"column":1}},"12":{"start":{"line":39,"column":2},"end":{"line":41,"column":3}},"13":{"start":{"line":40,"column":4},"end":{"line":40,"column":21}},"14":{"start":{"line":44,"column":14},"end":{"line":46,"column":2}},"15":{"start":{"line":44,"column":21},"end":{"line":46,"column":1}}},"fnMap":{"0":{"name":"(anonymous_0)","decl":{"start":{"line":11,"column":21},"end":{"line":11,"column":22}},"loc":{"start":{"line":11,"column":42},"end":{"line":26,"column":1}},"line":11},"1":{"name":"(anonymous_1)","decl":{"start":{"line":12,"column":9},"end":{"line":12,"column":10}},"loc":{"start":{"line":12,"column":21},"end":{"line":25,"column":3}},"line":12},"2":{"name":"(anonymous_2)","decl":{"start":{"line":17,"column":12},"end":{"line":17,"column":13}},"loc":{"start":{"line":17,"column":32},"end":{"line":21,"column":7}},"line":17},"3":{"name":"(anonymous_3)","decl":{"start":{"line":22,"column":13},"end":{"line":22,"column":14}},"loc":{"start":{"line":22,"column":28},"end":{"line":24,"column":7}},"line":22},"4":{"name":"(anonymous_4)","decl":{"start":{"line":28,"column":18},"end":{"line":28,"column":19}},"loc":{"start":{"line":28,"column":28},"end":{"line":31,"column":1}},"line":28},"5":{"name":"(anonymous_5)","decl":{"start":{"line":33,"column":21},"end":{"line":33,"column":22}},"loc":{"start":{"line":33,"column":33},"end":{"line":36,"column":1}},"line":33},"6":{"name":"(anonymous_6)","decl":{"start":{"line":38,"column":31},"end":{"line":38,"column":32}},"loc":{"start":{"line":38,"column":37},"end":{"line":42,"column":1}},"line":38},"7":{"name":"(anonymous_7)","decl":{"start":{"line":39,"column":9},"end":{"line":39,"column":10}},"loc":{"start":{"line":39,"column":21},"end":{"line":41,"column":3}},"line":39},"8":{"name":"(anonymous_8)","decl":{"start":{"line":44,"column":14},"end":{"line":44,"column":15}},"loc":{"start":{"line":44,"column":21},"end":{"line":46,"column":1}},"line":44}},"branchMap":{},"s":{"0":2,"1":2,"2":0,"3":0,"4":0,"5":0,"6":0,"7":2,"8":0,"9":2,"10":0,"11":2,"12":0,"13":0,"14":2,"15":0},"f":{"0":0,"1":0,"2":0,"3":0,"4":0,"5":0,"6":0,"7":0,"8":0},"b":{},"_coverageSchema":"332fd63041d2c1bcb487cc26dd0d5f7d97098a6c","hash":"38fc429ab9d89b4344130627b67889f37baa3e8a"}
,"/home/barestu/Hacktiv8/arniture-shop/arniture-app/js/stores/login/action.types.js": {"path":"/home/barestu/Hacktiv8/arniture-shop/arniture-app/js/stores/login/action.types.js","statementMap":{"0":{"start":{"line":1,"column":29},"end":{"line":1,"column":44}},"1":{"start":{"line":2,"column":26},"end":{"line":2,"column":38}},"2":{"start":{"line":3,"column":21},"end":{"line":3,"column":28}}},"fnMap":{},"branchMap":{},"s":{"0":3,"1":3,"2":3},"f":{},"b":{},"_coverageSchema":"332fd63041d2c1bcb487cc26dd0d5f7d97098a6c","hash":"f4d05c5aa106708665121ff8edae37c8cdc2c592"}
,"/home/barestu/Hacktiv8/arniture-shop/arniture-app/js/stores/login/reducers.js": {"path":"/home/barestu/Hacktiv8/arniture-shop/arniture-app/js/stores/login/reducers.js","statementMap":{"0":{"start":{"line":7,"column":21},"end":{"line":11,"column":1}},"1":{"start":{"line":14,"column":17},"end":{"line":35,"column":1}},"2":{"start":{"line":15,"column":2},"end":{"line":34,"column":3}},"3":{"start":{"line":17,"column":6},"end":{"line":21,"column":7}},"4":{"start":{"line":23,"column":6},"end":{"line":27,"column":7}},"5":{"start":{"line":29,"column":6},"end":{"line":31,"column":7}},"6":{"start":{"line":33,"column":6},"end":{"line":33,"column":18}}},"fnMap":{"0":{"name":"(anonymous_0)","decl":{"start":{"line":14,"column":17},"end":{"line":14,"column":18}},"loc":{"start":{"line":14,"column":58},"end":{"line":35,"column":1}},"line":14}},"branchMap":{"0":{"loc":{"start":{"line":14,"column":18},"end":{"line":14,"column":45}},"type":"default-arg","locations":[{"start":{"line":14,"column":26},"end":{"line":14,"column":45}}],"line":14},"1":{"loc":{"start":{"line":15,"column":2},"end":{"line":34,"column":3}},"type":"switch","locations":[{"start":{"line":16,"column":4},"end":{"line":21,"column":7}},{"start":{"line":22,"column":4},"end":{"line":27,"column":7}},{"start":{"line":28,"column":4},"end":{"line":31,"column":7}},{"start":{"line":32,"column":4},"end":{"line":33,"column":18}}],"line":15}},"s":{"0":3,"1":3,"2":9,"3":0,"4":0,"5":0,"6":9},"f":{"0":9},"b":{"0":[9],"1":[0,0,0,9]},"_coverageSchema":"332fd63041d2c1bcb487cc26dd0d5f7d97098a6c","hash":"d468338e2db03b79f659b55e1c039d9e636b48c2"}
,"/home/barestu/Hacktiv8/arniture-shop/arniture-app/js/stores/objects/action.types.js": {"path":"/home/barestu/Hacktiv8/arniture-shop/arniture-app/js/stores/objects/action.types.js","statementMap":{"0":{"start":{"line":1,"column":28},"end":{"line":1,"column":42}},"1":{"start":{"line":2,"column":30},"end":{"line":2,"column":46}},"2":{"start":{"line":3,"column":28},"end":{"line":3,"column":42}},"3":{"start":{"line":4,"column":32},"end":{"line":4,"column":50}},"4":{"start":{"line":5,"column":32},"end":{"line":5,"column":50}},"5":{"start":{"line":6,"column":21},"end":{"line":6,"column":28}}},"fnMap":{},"branchMap":{},"s":{"0":3,"1":3,"2":3,"3":3,"4":3,"5":3},"f":{},"b":{},"_coverageSchema":"332fd63041d2c1bcb487cc26dd0d5f7d97098a6c","hash":"cf461a266bd75dabae5edf393d442da1685e714c"}
,"/home/barestu/Hacktiv8/arniture-shop/arniture-app/js/stores/objects/actions.js": {"path":"/home/barestu/Hacktiv8/arniture-shop/arniture-app/js/stores/objects/actions.js","statementMap":{"0":{"start":{"line":12,"column":27},"end":{"line":15,"column":1}},"1":{"start":{"line":13,"column":2},"end":{"line":14,"column":3}},"2":{"start":{"line":17,"column":30},"end":{"line":21,"column":1}},"3":{"start":{"line":18,"column":2},"end":{"line":20,"column":3}},"4":{"start":{"line":19,"column":4},"end":{"line":19,"column":39}},"5":{"start":{"line":23,"column":26},"end":{"line":35,"column":1}},"6":{"start":{"line":24,"column":2},"end":{"line":33,"column":3}},"7":{"start":{"line":28,"column":44},"end":{"line":28,"column":79}},"8":{"start":{"line":29,"column":38},"end":{"line":29,"column":67}},"9":{"start":{"line":30,"column":34},"end":{"line":30,"column":59}},"10":{"start":{"line":37,"column":30},"end":{"line":41,"column":1}},"11":{"start":{"line":38,"column":2},"end":{"line":40,"column":3}},"12":{"start":{"line":39,"column":4},"end":{"line":39,"column":38}},"13":{"start":{"line":43,"column":22},"end":{"line":45,"column":2}},"14":{"start":{"line":43,"column":29},"end":{"line":45,"column":1}},"15":{"start":{"line":47,"column":20},"end":{"line":49,"column":2}},"16":{"start":{"line":47,"column":27},"end":{"line":49,"column":1}},"17":{"start":{"line":51,"column":25},"end":{"line":53,"column":2}},"18":{"start":{"line":51,"column":32},"end":{"line":53,"column":1}},"19":{"start":{"line":55,"column":23},"end":{"line":58,"column":2}},"20":{"start":{"line":55,"column":39},"end":{"line":58,"column":1}},"21":{"start":{"line":60,"column":24},"end":{"line":63,"column":2}},"22":{"start":{"line":60,"column":38},"end":{"line":63,"column":1}},"23":{"start":{"line":65,"column":21},"end":{"line":69,"column":1}},"24":{"start":{"line":66,"column":2},"end":{"line":68,"column":3}},"25":{"start":{"line":67,"column":4},"end":{"line":67,"column":25}},"26":{"start":{"line":71,"column":18},"end":{"line":73,"column":2}},"27":{"start":{"line":71,"column":25},"end":{"line":73,"column":1}}},"fnMap":{"0":{"name":"(anonymous_0)","decl":{"start":{"line":12,"column":27},"end":{"line":12,"column":28}},"loc":{"start":{"line":12,"column":33},"end":{"line":15,"column":1}},"line":12},"1":{"name":"(anonymous_1)","decl":{"start":{"line":13,"column":9},"end":{"line":13,"column":10}},"loc":{"start":{"line":13,"column":21},"end":{"line":14,"column":3}},"line":13},"2":{"name":"(anonymous_2)","decl":{"start":{"line":17,"column":30},"end":{"line":17,"column":31}},"loc":{"start":{"line":17,"column":45},"end":{"line":21,"column":1}},"line":17},"3":{"name":"(anonymous_3)","decl":{"start":{"line":18,"column":9},"end":{"line":18,"column":10}},"loc":{"start":{"line":18,"column":21},"end":{"line":20,"column":3}},"line":18},"4":{"name":"(anonymous_4)","decl":{"start":{"line":23,"column":26},"end":{"line":23,"column":27}},"loc":{"start":{"line":23,"column":32},"end":{"line":35,"column":1}},"line":23},"5":{"name":"(anonymous_5)","decl":{"start":{"line":28,"column":38},"end":{"line":28,"column":39}},"loc":{"start":{"line":28,"column":44},"end":{"line":28,"column":79}},"line":28},"6":{"name":"(anonymous_6)","decl":{"start":{"line":29,"column":32},"end":{"line":29,"column":33}},"loc":{"start":{"line":29,"column":38},"end":{"line":29,"column":67}},"line":29},"7":{"name":"(anonymous_7)","decl":{"start":{"line":30,"column":28},"end":{"line":30,"column":29}},"loc":{"start":{"line":30,"column":34},"end":{"line":30,"column":59}},"line":30},"8":{"name":"(anonymous_8)","decl":{"start":{"line":37,"column":30},"end":{"line":37,"column":31}},"loc":{"start":{"line":37,"column":43},"end":{"line":41,"column":1}},"line":37},"9":{"name":"(anonymous_9)","decl":{"start":{"line":38,"column":9},"end":{"line":38,"column":10}},"loc":{"start":{"line":38,"column":21},"end":{"line":40,"column":3}},"line":38},"10":{"name":"(anonymous_10)","decl":{"start":{"line":43,"column":22},"end":{"line":43,"column":23}},"loc":{"start":{"line":43,"column":29},"end":{"line":45,"column":1}},"line":43},"11":{"name":"(anonymous_11)","decl":{"start":{"line":47,"column":20},"end":{"line":47,"column":21}},"loc":{"start":{"line":47,"column":27},"end":{"line":49,"column":1}},"line":47},"12":{"name":"(anonymous_12)","decl":{"start":{"line":51,"column":25},"end":{"line":51,"column":26}},"loc":{"start":{"line":51,"column":32},"end":{"line":53,"column":1}},"line":51},"13":{"name":"(anonymous_13)","decl":{"start":{"line":55,"column":23},"end":{"line":55,"column":24}},"loc":{"start":{"line":55,"column":39},"end":{"line":58,"column":1}},"line":55},"14":{"name":"(anonymous_14)","decl":{"start":{"line":60,"column":24},"end":{"line":60,"column":25}},"loc":{"start":{"line":60,"column":38},"end":{"line":63,"column":1}},"line":60},"15":{"name":"(anonymous_15)","decl":{"start":{"line":65,"column":21},"end":{"line":65,"column":22}},"loc":{"start":{"line":65,"column":27},"end":{"line":69,"column":1}},"line":65},"16":{"name":"(anonymous_16)","decl":{"start":{"line":66,"column":9},"end":{"line":66,"column":10}},"loc":{"start":{"line":66,"column":21},"end":{"line":68,"column":3}},"line":66},"17":{"name":"(anonymous_17)","decl":{"start":{"line":71,"column":18},"end":{"line":71,"column":19}},"loc":{"start":{"line":71,"column":25},"end":{"line":73,"column":1}},"line":71}},"branchMap":{},"s":{"0":1,"1":0,"2":1,"3":0,"4":0,"5":1,"6":0,"7":0,"8":0,"9":0,"10":1,"11":0,"12":0,"13":1,"14":0,"15":1,"16":0,"17":1,"18":0,"19":1,"20":0,"21":1,"22":0,"23":1,"24":0,"25":0,"26":1,"27":0},"f":{"0":0,"1":0,"2":0,"3":0,"4":0,"5":0,"6":0,"7":0,"8":0,"9":0,"10":0,"11":0,"12":0,"13":0,"14":0,"15":0,"16":0,"17":0},"b":{},"_coverageSchema":"332fd63041d2c1bcb487cc26dd0d5f7d97098a6c","hash":"5fea2c3ba416cfdf09f1ae3176d7ef008dd76410"}
,"/home/barestu/Hacktiv8/arniture-shop/arniture-app/js/stores/objects/reducers.js": {"path":"/home/barestu/Hacktiv8/arniture-shop/arniture-app/js/stores/objects/reducers.js","statementMap":{"0":{"start":{"line":10,"column":21},"end":{"line":18,"column":1}},"1":{"start":{"line":20,"column":23},"end":{"line":66,"column":1}},"2":{"start":{"line":21,"column":2},"end":{"line":65,"column":3}},"3":{"start":{"line":23,"column":6},"end":{"line":26,"column":7}},"4":{"start":{"line":28,"column":19},"end":{"line":31,"column":7}},"5":{"start":{"line":32,"column":6},"end":{"line":36,"column":7}},"6":{"start":{"line":38,"column":6},"end":{"line":41,"column":7}},"7":{"start":{"line":43,"column":25},"end":{"line":46,"column":7}},"8":{"start":{"line":47,"column":6},"end":{"line":53,"column":7}},"9":{"start":{"line":55,"column":6},"end":{"line":58,"column":7}},"10":{"start":{"line":60,"column":6},"end":{"line":62,"column":7}},"11":{"start":{"line":64,"column":6},"end":{"line":64,"column":18}}},"fnMap":{"0":{"name":"(anonymous_0)","decl":{"start":{"line":20,"column":23},"end":{"line":20,"column":24}},"loc":{"start":{"line":20,"column":62},"end":{"line":66,"column":1}},"line":20}},"branchMap":{"0":{"loc":{"start":{"line":20,"column":24},"end":{"line":20,"column":49}},"type":"default-arg","locations":[{"start":{"line":20,"column":32},"end":{"line":20,"column":49}}],"line":20},"1":{"loc":{"start":{"line":21,"column":2},"end":{"line":65,"column":3}},"type":"switch","locations":[{"start":{"line":22,"column":4},"end":{"line":26,"column":7}},{"start":{"line":27,"column":4},"end":{"line":36,"column":7}},{"start":{"line":37,"column":4},"end":{"line":41,"column":7}},{"start":{"line":42,"column":4},"end":{"line":53,"column":7}},{"start":{"line":54,"column":4},"end":{"line":58,"column":7}},{"start":{"line":59,"column":4},"end":{"line":62,"column":7}},{"start":{"line":63,"column":4},"end":{"line":64,"column":18}}],"line":21}},"s":{"0":3,"1":3,"2":9,"3":0,"4":0,"5":0,"6":0,"7":0,"8":0,"9":0,"10":0,"11":9},"f":{"0":9},"b":{"0":[9],"1":[0,0,0,0,0,0,9]},"_coverageSchema":"332fd63041d2c1bcb487cc26dd0d5f7d97098a6c","hash":"dd74175e6b7ca47376d6bfef2f38b37aefb041b9"}
,"/home/barestu/Hacktiv8/arniture-shop/arniture-app/js/stores/register/action.js": {"path":"/home/barestu/Hacktiv8/arniture-shop/arniture-app/js/stores/register/action.js","statementMap":{"0":{"start":{"line":9,"column":17},"end":{"line":9,"column":79}},"1":{"start":{"line":11,"column":24},"end":{"line":25,"column":1}},"2":{"start":{"line":12,"column":2},"end":{"line":24,"column":3}},"3":{"start":{"line":13,"column":4},"end":{"line":23,"column":8}},"4":{"start":{"line":19,"column":8},"end":{"line":19,"column":35}},"5":{"start":{"line":22,"column":8},"end":{"line":22,"column":57}},"6":{"start":{"line":27,"column":21},"end":{"line":30,"column":2}},"7":{"start":{"line":27,"column":31},"end":{"line":30,"column":1}},"8":{"start":{"line":32,"column":24},"end":{"line":34,"column":2}},"9":{"start":{"line":32,"column":31},"end":{"line":34,"column":1}},"10":{"start":{"line":36,"column":34},"end":{"line":40,"column":1}},"11":{"start":{"line":37,"column":2},"end":{"line":39,"column":3}},"12":{"start":{"line":38,"column":4},"end":{"line":38,"column":21}},"13":{"start":{"line":42,"column":14},"end":{"line":44,"column":2}},"14":{"start":{"line":42,"column":21},"end":{"line":44,"column":1}}},"fnMap":{"0":{"name":"(anonymous_0)","decl":{"start":{"line":11,"column":24},"end":{"line":11,"column":25}},"loc":{"start":{"line":11,"column":45},"end":{"line":25,"column":1}},"line":11},"1":{"name":"(anonymous_1)","decl":{"start":{"line":12,"column":9},"end":{"line":12,"column":10}},"loc":{"start":{"line":12,"column":21},"end":{"line":24,"column":3}},"line":12},"2":{"name":"(anonymous_2)","decl":{"start":{"line":18,"column":12},"end":{"line":18,"column":13}},"loc":{"start":{"line":18,"column":32},"end":{"line":20,"column":7}},"line":18},"3":{"name":"(anonymous_3)","decl":{"start":{"line":21,"column":13},"end":{"line":21,"column":14}},"loc":{"start":{"line":21,"column":28},"end":{"line":23,"column":7}},"line":21},"4":{"name":"(anonymous_4)","decl":{"start":{"line":27,"column":21},"end":{"line":27,"column":22}},"loc":{"start":{"line":27,"column":31},"end":{"line":30,"column":1}},"line":27},"5":{"name":"(anonymous_5)","decl":{"start":{"line":32,"column":24},"end":{"line":32,"column":25}},"loc":{"start":{"line":32,"column":31},"end":{"line":34,"column":1}},"line":32},"6":{"name":"(anonymous_6)","decl":{"start":{"line":36,"column":34},"end":{"line":36,"column":35}},"loc":{"start":{"line":36,"column":40},"end":{"line":40,"column":1}},"line":36},"7":{"name":"(anonymous_7)","decl":{"start":{"line":37,"column":9},"end":{"line":37,"column":10}},"loc":{"start":{"line":37,"column":21},"end":{"line":39,"column":3}},"line":37},"8":{"name":"(anonymous_8)","decl":{"start":{"line":42,"column":14},"end":{"line":42,"column":15}},"loc":{"start":{"line":42,"column":21},"end":{"line":44,"column":1}},"line":42}},"branchMap":{},"s":{"0":1,"1":1,"2":0,"3":0,"4":0,"5":0,"6":1,"7":0,"8":1,"9":0,"10":1,"11":0,"12":0,"13":1,"14":0},"f":{"0":0,"1":0,"2":0,"3":0,"4":0,"5":0,"6":0,"7":0,"8":0},"b":{},"_coverageSchema":"332fd63041d2c1bcb487cc26dd0d5f7d97098a6c","hash":"9b612c60873c7d9123a7fdccd4e3348968236644"}
,"/home/barestu/Hacktiv8/arniture-shop/arniture-app/js/stores/register/action.types.js": {"path":"/home/barestu/Hacktiv8/arniture-shop/arniture-app/js/stores/register/action.types.js","statementMap":{"0":{"start":{"line":1,"column":32},"end":{"line":1,"column":50}},"1":{"start":{"line":2,"column":29},"end":{"line":2,"column":44}},"2":{"start":{"line":3,"column":21},"end":{"line":3,"column":28}}},"fnMap":{},"branchMap":{},"s":{"0":3,"1":3,"2":3},"f":{},"b":{},"_coverageSchema":"332fd63041d2c1bcb487cc26dd0d5f7d97098a6c","hash":"985696a5b50c2eb1d855def0e7dde6981cecfde0"}
,"/home/barestu/Hacktiv8/arniture-shop/arniture-app/js/stores/register/reducers.js": {"path":"/home/barestu/Hacktiv8/arniture-shop/arniture-app/js/stores/register/reducers.js","statementMap":{"0":{"start":{"line":7,"column":21},"end":{"line":10,"column":1}},"1":{"start":{"line":12,"column":17},"end":{"line":32,"column":1}},"2":{"start":{"line":13,"column":2},"end":{"line":31,"column":3}},"3":{"start":{"line":15,"column":6},"end":{"line":18,"column":7}},"4":{"start":{"line":20,"column":6},"end":{"line":24,"column":7}},"5":{"start":{"line":26,"column":6},"end":{"line":28,"column":7}},"6":{"start":{"line":30,"column":6},"end":{"line":30,"column":18}}},"fnMap":{"0":{"name":"(anonymous_0)","decl":{"start":{"line":12,"column":17},"end":{"line":12,"column":18}},"loc":{"start":{"line":12,"column":58},"end":{"line":32,"column":1}},"line":12}},"branchMap":{"0":{"loc":{"start":{"line":12,"column":18},"end":{"line":12,"column":45}},"type":"default-arg","locations":[{"start":{"line":12,"column":26},"end":{"line":12,"column":45}}],"line":12},"1":{"loc":{"start":{"line":13,"column":2},"end":{"line":31,"column":3}},"type":"switch","locations":[{"start":{"line":14,"column":4},"end":{"line":18,"column":7}},{"start":{"line":19,"column":4},"end":{"line":24,"column":7}},{"start":{"line":25,"column":4},"end":{"line":28,"column":7}},{"start":{"line":29,"column":4},"end":{"line":30,"column":18}}],"line":13}},"s":{"0":3,"1":3,"2":9,"3":0,"4":0,"5":0,"6":9},"f":{"0":9},"b":{"0":[9],"1":[0,0,0,9]},"_coverageSchema":"332fd63041d2c1bcb487cc26dd0d5f7d97098a6c","hash":"b55aeb3afeee56878212a0506f2015324fbb128d"}
}
