TN:
SF:/home/barestu/Hacktiv8/arniture-shop/arniture-app/js/components/ARScene.js
FN:17,(anonymous_0)
FN:20,(anonymous_1)
FN:27,(anonymous_2)
FN:37,(anonymous_3)
FN:41,(anonymous_4)
FNF:5
FNH:0
FNDA:0,(anonymous_0)
FNDA:0,(anonymous_1)
FNDA:0,(anonymous_2)
FNDA:0,(anonymous_3)
FNDA:0,(anonymous_4)
DA:18,0
DA:19,0
DA:20,0
DA:21,0
DA:24,0
DA:28,0
DA:37,1
DA:41,1
LF:8
LH:2
BRF:0
BRH:0
end_of_record
TN:
SF:/home/barestu/Hacktiv8/arniture-shop/arniture-app/js/components/ItemCard.js
FN:18,(anonymous_0)
FN:25,(anonymous_1)
FN:30,(anonymous_2)
FN:44,(anonymous_3)
FN:45,(anonymous_4)
FN:98,(anonymous_5)
FN:103,(anonymous_6)
FNF:7
FNH:0
FNDA:0,(anonymous_0)
FNDA:0,(anonymous_1)
FNDA:0,(anonymous_2)
FNDA:0,(anonymous_3)
FNDA:0,(anonymous_4)
FNDA:0,(anonymous_5)
FNDA:0,(anonymous_6)
DA:19,0
DA:20,0
DA:21,0
DA:26,0
DA:27,0
DA:31,0
DA:32,0
DA:44,0
DA:45,0
DA:53,1
DA:98,1
DA:103,1
LF:12
LH:3
BRDA:20,0,0,0
BRDA:20,0,1,0
BRF:2
BRH:0
end_of_record
TN:
SF:/home/barestu/Hacktiv8/arniture-shop/arniture-app/js/components/ObjectAR.js
FN:20,(anonymous_0)
FN:30,(anonymous_1)
FN:41,(anonymous_2)
FN:45,(anonymous_3)
FN:57,(anonymous_4)
FN:62,(anonymous_5)
FN:71,(anonymous_6)
FN:72,(anonymous_7)
FN:73,(anonymous_8)
FN:85,(anonymous_9)
FN:91,(anonymous_10)
FN:97,(anonymous_11)
FN:98,(anonymous_12)
FN:102,(anonymous_13)
FN:141,(anonymous_14)
FN:146,(anonymous_15)
FNF:16
FNH:0
FNDA:0,(anonymous_0)
FNDA:0,(anonymous_1)
FNDA:0,(anonymous_2)
FNDA:0,(anonymous_3)
FNDA:0,(anonymous_4)
FNDA:0,(anonymous_5)
FNDA:0,(anonymous_6)
FNDA:0,(anonymous_7)
FNDA:0,(anonymous_8)
FNDA:0,(anonymous_9)
FNDA:0,(anonymous_10)
FNDA:0,(anonymous_11)
FNDA:0,(anonymous_12)
FNDA:0,(anonymous_13)
FNDA:0,(anonymous_14)
FNDA:0,(anonymous_15)
DA:21,0
DA:22,0
DA:31,0
DA:32,0
DA:35,0
DA:38,0
DA:42,0
DA:46,0
DA:47,0
DA:53,0
DA:54,0
DA:58,0
DA:59,0
DA:63,0
DA:66,0
DA:67,0
DA:71,0
DA:72,0
DA:79,0
DA:86,0
DA:92,0
DA:97,0
DA:98,0
DA:103,0
DA:141,1
DA:146,1
LF:26
LH:2
BRDA:31,0,0,0
BRDA:31,0,1,0
BRDA:66,1,0,0
BRDA:66,1,1,0
BRF:4
BRH:0
end_of_record
TN:
SF:/home/barestu/Hacktiv8/arniture-shop/arniture-app/js/screens/AR.js
FN:28,(anonymous_0)
FN:35,(anonymous_1)
FN:39,(anonymous_2)
FN:43,(anonymous_3)
FN:47,(anonymous_4)
FN:50,(anonymous_5)
FN:56,(anonymous_6)
FN:62,(anonymous_7)
FN:63,(anonymous_8)
FN:68,(anonymous_9)
FN:72,(anonymous_10)
FN:89,(anonymous_11)
FN:97,(anonymous_12)
FN:105,(anonymous_13)
FN:119,(anonymous_14)
FN:176,(anonymous_15)
FN:182,(anonymous_16)
FNF:17
FNH:0
FNDA:0,(anonymous_0)
FNDA:0,(anonymous_1)
FNDA:0,(anonymous_2)
FNDA:0,(anonymous_3)
FNDA:0,(anonymous_4)
FNDA:0,(anonymous_5)
FNDA:0,(anonymous_6)
FNDA:0,(anonymous_7)
FNDA:0,(anonymous_8)
FNDA:0,(anonymous_9)
FNDA:0,(anonymous_10)
FNDA:0,(anonymous_11)
FNDA:0,(anonymous_12)
FNDA:0,(anonymous_13)
FNDA:0,(anonymous_14)
FNDA:0,(anonymous_15)
FNDA:0,(anonymous_16)
DA:29,0
DA:30,0
DA:36,0
DA:40,0
DA:44,0
DA:48,0
DA:49,0
DA:50,0
DA:51,0
DA:53,0
DA:57,0
DA:62,0
DA:63,0
DA:65,0
DA:69,0
DA:72,0
DA:89,0
DA:97,0
DA:105,0
DA:119,0
DA:129,1
DA:176,1
DA:182,1
LF:23
LH:3
BRF:0
BRH:0
end_of_record
TN:
SF:/home/barestu/Hacktiv8/arniture-shop/arniture-app/js/screens/Login.js
FN:14,(anonymous_0)
FN:22,(anonymous_1)
FN:26,(anonymous_2)
FN:37,(anonymous_3)
FN:51,(anonymous_4)
FN:57,(anonymous_5)
FN:104,(anonymous_6)
FN:110,(anonymous_7)
FNF:8
FNH:2
FNDA:1,(anonymous_0)
FNDA:0,(anonymous_1)
FNDA:0,(anonymous_2)
FNDA:1,(anonymous_3)
FNDA:0,(anonymous_4)
FNDA:0,(anonymous_5)
FNDA:0,(anonymous_6)
FNDA:0,(anonymous_7)
DA:15,1
DA:16,1
DA:23,0
DA:27,0
DA:29,0
DA:30,0
DA:33,0
DA:34,0
DA:38,1
DA:39,0
DA:41,1
DA:51,0
DA:57,0
DA:75,1
DA:104,1
DA:110,1
LF:16
LH:7
BRDA:29,0,0,0
BRDA:29,0,1,0
BRDA:38,1,0,0
BRDA:38,1,1,1
BRF:4
BRH:1
end_of_record
TN:
SF:/home/barestu/Hacktiv8/arniture-shop/arniture-app/js/screens/Register.js
FN:15,(anonymous_0)
FN:23,(anonymous_1)
FN:27,(anonymous_2)
FN:37,(anonymous_3)
FN:45,(anonymous_4)
FN:52,(anonymous_5)
FN:101,(anonymous_6)
FN:106,(anonymous_7)
FNF:8
FNH:2
FNDA:1,(anonymous_0)
FNDA:0,(anonymous_1)
FNDA:0,(anonymous_2)
FNDA:1,(anonymous_3)
FNDA:0,(anonymous_4)
FNDA:0,(anonymous_5)
FNDA:0,(anonymous_6)
FNDA:0,(anonymous_7)
DA:16,1
DA:17,1
DA:24,0
DA:28,0
DA:29,0
DA:30,0
DA:31,0
DA:32,0
DA:33,0
DA:38,1
DA:45,0
DA:52,0
DA:72,1
DA:101,1
DA:106,1
LF:15
LH:6
BRDA:29,0,0,0
BRDA:29,0,1,0
BRF:2
BRH:0
end_of_record
TN:
SF:/home/barestu/Hacktiv8/arniture-shop/arniture-app/js/stores/index.js
FNF:0
FNH:0
DA:9,3
DA:17,3
LF:2
LH:2
BRF:0
BRH:0
end_of_record
TN:
SF:/home/barestu/Hacktiv8/arniture-shop/arniture-app/js/stores/cart/action.js
FN:11,(anonymous_0)
FN:12,(anonymous_1)
FN:19,(anonymous_2)
FN:22,(anonymous_3)
FN:27,(anonymous_4)
FN:28,(anonymous_5)
FN:30,(anonymous_6)
FN:33,(anonymous_7)
FN:38,(anonymous_8)
FN:39,(anonymous_9)
FN:41,(anonymous_10)
FN:44,(anonymous_11)
FN:49,(anonymous_12)
FN:50,(anonymous_13)
FN:61,(anonymous_14)
FN:64,(anonymous_15)
FN:70,(anonymous_16)
FN:75,(anonymous_17)
FN:77,(anonymous_18)
FN:80,(anonymous_19)
FN:84,(anonymous_20)
FN:87,(anonymous_21)
FN:91,(anonymous_22)
FN:95,(anonymous_23)
FN:96,(anonymous_24)
FN:100,(anonymous_25)
FN:104,(anonymous_26)
FN:105,(anonymous_27)
FN:107,(anonymous_28)
FN:110,(anonymous_29)
FNF:30
FNH:0
FNDA:0,(anonymous_0)
FNDA:0,(anonymous_1)
FNDA:0,(anonymous_2)
FNDA:0,(anonymous_3)
FNDA:0,(anonymous_4)
FNDA:0,(anonymous_5)
FNDA:0,(anonymous_6)
FNDA:0,(anonymous_7)
FNDA:0,(anonymous_8)
FNDA:0,(anonymous_9)
FNDA:0,(anonymous_10)
FNDA:0,(anonymous_11)
FNDA:0,(anonymous_12)
FNDA:0,(anonymous_13)
FNDA:0,(anonymous_14)
FNDA:0,(anonymous_15)
FNDA:0,(anonymous_16)
FNDA:0,(anonymous_17)
FNDA:0,(anonymous_18)
FNDA:0,(anonymous_19)
FNDA:0,(anonymous_20)
FNDA:0,(anonymous_21)
FNDA:0,(anonymous_22)
FNDA:0,(anonymous_23)
FNDA:0,(anonymous_24)
FNDA:0,(anonymous_25)
FNDA:0,(anonymous_26)
FNDA:0,(anonymous_27)
FNDA:0,(anonymous_28)
FNDA:0,(anonymous_29)
DA:10,1
DA:11,1
DA:12,0
DA:13,0
DA:14,0
DA:20,0
DA:23,0
DA:27,1
DA:28,0
DA:29,0
DA:31,0
DA:34,0
DA:38,1
DA:39,0
DA:40,0
DA:42,0
DA:45,0
DA:49,1
DA:50,0
DA:52,0
DA:62,0
DA:65,0
DA:70,1
DA:75,1
DA:76,0
DA:78,0
DA:81,0
DA:84,1
DA:87,1
DA:91,1
DA:95,1
DA:96,0
DA:97,0
DA:100,1
DA:104,1
DA:105,0
DA:106,0
DA:108,0
DA:111,0
LF:39
LH:13
BRF:0
BRH:0
end_of_record
TN:
SF:/home/barestu/Hacktiv8/arniture-shop/arniture-app/js/stores/cart/action.types.js
FNF:0
FNH:0
DA:1,3
DA:2,3
DA:3,3
DA:4,3
DA:5,3
DA:6,3
DA:7,3
LF:7
LH:7
BRF:0
BRH:0
end_of_record
TN:
SF:/home/barestu/Hacktiv8/arniture-shop/arniture-app/js/stores/cart/reducers.js
FN:16,(anonymous_0)
FNF:1
FNH:1
FNDA:9,(anonymous_0)
DA:8,3
DA:16,3
DA:17,9
DA:19,0
DA:24,0
DA:33,0
DA:39,0
DA:44,0
DA:49,9
LF:9
LH:4
BRDA:16,0,0,9
BRDA:17,1,0,0
BRDA:17,1,1,0
BRDA:17,1,2,0
BRDA:17,1,3,0
BRDA:17,1,4,0
BRDA:17,1,5,9
BRF:7
BRH:2
end_of_record
TN:
SF:/home/barestu/Hacktiv8/arniture-shop/arniture-app/js/stores/items/action.types.js
FNF:0
FNH:0
DA:1,3
DA:2,3
DA:3,3
LF:3
LH:3
BRF:0
BRH:0
end_of_record
TN:
SF:/home/barestu/Hacktiv8/arniture-shop/arniture-app/js/stores/items/reducers.js
FN:15,(anonymous_0)
FNF:1
FNH:1
FNDA:9,(anonymous_0)
DA:6,3
DA:15,3
DA:16,9
DA:18,0
DA:23,0
DA:32,0
DA:38,9
LF:7
LH:4
BRDA:15,0,0,9
BRDA:16,1,0,0
BRDA:16,1,1,0
BRDA:16,1,2,0
BRDA:16,1,3,9
BRF:5
BRH:2
end_of_record
TN:
SF:/home/barestu/Hacktiv8/arniture-shop/arniture-app/js/stores/login/action.js
FN:11,(anonymous_0)
FN:12,(anonymous_1)
FN:17,(anonymous_2)
FN:22,(anonymous_3)
FN:28,(anonymous_4)
FN:33,(anonymous_5)
FN:38,(anonymous_6)
FN:39,(anonymous_7)
FN:44,(anonymous_8)
FNF:9
FNH:0
FNDA:0,(anonymous_0)
FNDA:0,(anonymous_1)
FNDA:0,(anonymous_2)
FNDA:0,(anonymous_3)
FNDA:0,(anonymous_4)
FNDA:0,(anonymous_5)
FNDA:0,(anonymous_6)
FNDA:0,(anonymous_7)
FNDA:0,(anonymous_8)
DA:9,2
DA:11,2
DA:12,0
DA:13,0
DA:19,0
DA:20,0
DA:23,0
DA:28,2
DA:33,2
DA:38,2
DA:39,0
DA:40,0
DA:44,2
LF:13
LH:6
BRF:0
BRH:0
end_of_record
TN:
SF:/home/barestu/Hacktiv8/arniture-shop/arniture-app/js/stores/login/action.types.js
FNF:0
FNH:0
DA:1,3
DA:2,3
DA:3,3
LF:3
LH:3
BRF:0
BRH:0
end_of_record
TN:
SF:/home/barestu/Hacktiv8/arniture-shop/arniture-app/js/stores/login/reducers.js
FN:14,(anonymous_0)
FNF:1
FNH:1
FNDA:9,(anonymous_0)
DA:7,3
DA:14,3
DA:15,9
DA:17,0
DA:23,0
DA:29,0
DA:33,9
LF:7
LH:4
BRDA:14,0,0,9
BRDA:15,1,0,0
BRDA:15,1,1,0
BRDA:15,1,2,0
BRDA:15,1,3,9
BRF:5
BRH:2
end_of_record
TN:
SF:/home/barestu/Hacktiv8/arniture-shop/arniture-app/js/stores/objects/action.types.js
FNF:0
FNH:0
DA:1,3
DA:2,3
DA:3,3
DA:4,3
DA:5,3
DA:6,3
LF:6
LH:6
BRF:0
BRH:0
end_of_record
TN:
SF:/home/barestu/Hacktiv8/arniture-shop/arniture-app/js/stores/objects/actions.js
FN:12,(anonymous_0)
FN:13,(anonymous_1)
FN:17,(anonymous_2)
FN:18,(anonymous_3)
FN:23,(anonymous_4)
FN:28,(anonymous_5)
FN:29,(anonymous_6)
FN:30,(anonymous_7)
FN:37,(anonymous_8)
FN:38,(anonymous_9)
FN:43,(anonymous_10)
FN:47,(anonymous_11)
FN:51,(anonymous_12)
FN:55,(anonymous_13)
FN:60,(anonymous_14)
FN:65,(anonymous_15)
FN:66,(anonymous_16)
FN:71,(anonymous_17)
FNF:18
FNH:0
FNDA:0,(anonymous_0)
FNDA:0,(anonymous_1)
FNDA:0,(anonymous_2)
FNDA:0,(anonymous_3)
FNDA:0,(anonymous_4)
FNDA:0,(anonymous_5)
FNDA:0,(anonymous_6)
FNDA:0,(anonymous_7)
FNDA:0,(anonymous_8)
FNDA:0,(anonymous_9)
FNDA:0,(anonymous_10)
FNDA:0,(anonymous_11)
FNDA:0,(anonymous_12)
FNDA:0,(anonymous_13)
FNDA:0,(anonymous_14)
FNDA:0,(anonymous_15)
FNDA:0,(anonymous_16)
FNDA:0,(anonymous_17)
DA:12,1
DA:13,0
DA:17,1
DA:18,0
DA:19,0
DA:23,1
DA:24,0
DA:28,0
DA:29,0
DA:30,0
DA:37,1
DA:38,0
DA:39,0
DA:43,1
DA:47,1
DA:51,1
DA:55,1
DA:60,1
DA:65,1
DA:66,0
DA:67,0
DA:71,1
LF:22
LH:11
BRF:0
BRH:0
end_of_record
TN:
SF:/home/barestu/Hacktiv8/arniture-shop/arniture-app/js/stores/objects/reducers.js
FN:20,(anonymous_0)
FNF:1
FNH:1
FNDA:9,(anonymous_0)
DA:10,3
DA:20,3
DA:21,9
DA:23,0
DA:28,0
DA:32,0
DA:38,0
DA:43,0
DA:47,0
DA:55,0
DA:60,0
DA:64,9
LF:12
LH:4
BRDA:20,0,0,9
BRDA:21,1,0,0
BRDA:21,1,1,0
BRDA:21,1,2,0
BRDA:21,1,3,0
BRDA:21,1,4,0
BRDA:21,1,5,0
BRDA:21,1,6,9
BRF:8
BRH:2
end_of_record
TN:
SF:/home/barestu/Hacktiv8/arniture-shop/arniture-app/js/stores/register/action.js
FN:11,(anonymous_0)
FN:12,(anonymous_1)
FN:18,(anonymous_2)
FN:21,(anonymous_3)
FN:27,(anonymous_4)
FN:32,(anonymous_5)
FN:36,(anonymous_6)
FN:37,(anonymous_7)
FN:42,(anonymous_8)
FNF:9
FNH:0
FNDA:0,(anonymous_0)
FNDA:0,(anonymous_1)
FNDA:0,(anonymous_2)
FNDA:0,(anonymous_3)
FNDA:0,(anonymous_4)
FNDA:0,(anonymous_5)
FNDA:0,(anonymous_6)
FNDA:0,(anonymous_7)
FNDA:0,(anonymous_8)
DA:9,1
DA:11,1
DA:12,0
DA:13,0
DA:19,0
DA:22,0
DA:27,1
DA:32,1
DA:36,1
DA:37,0
DA:38,0
DA:42,1
LF:12
LH:6
BRF:0
BRH:0
end_of_record
TN:
SF:/home/barestu/Hacktiv8/arniture-shop/arniture-app/js/stores/register/action.types.js
FNF:0
FNH:0
DA:1,3
DA:2,3
DA:3,3
LF:3
LH:3
BRF:0
BRH:0
end_of_record
TN:
SF:/home/barestu/Hacktiv8/arniture-shop/arniture-app/js/stores/register/reducers.js
FN:12,(anonymous_0)
FNF:1
FNH:1
FNDA:9,(anonymous_0)
DA:7,3
DA:12,3
DA:13,9
DA:15,0
DA:20,0
DA:26,0
DA:30,9
LF:7
LH:4
BRDA:12,0,0,9
BRDA:13,1,0,0
BRDA:13,1,1,0
BRDA:13,1,2,0
BRDA:13,1,3,9
BRF:5
BRH:2
end_of_record
