TN:
SF:/home/barestu/Hacktiv8/arniture-shop/arniture-app/js/assets/button-add.png
FNF:0
FNH:0
DA:1,1
LF:1
LH:1
BRF:0
BRH:0
end_of_record
TN:
SF:/home/barestu/Hacktiv8/arniture-shop/arniture-app/js/assets/button-back.png
FNF:0
FNH:0
DA:1,1
LF:1
LH:1
BRF:0
BRH:0
end_of_record
TN:
SF:/home/barestu/Hacktiv8/arniture-shop/arniture-app/js/assets/button-cart.png
FNF:0
FNH:0
DA:1,1
LF:1
LH:1
BRF:0
BRH:0
end_of_record
TN:
SF:/home/barestu/Hacktiv8/arniture-shop/arniture-app/js/assets/button-reset.png
FNF:0
FNH:0
DA:1,1
LF:1
LH:1
BRF:0
BRH:0
end_of_record
TN:
SF:/home/barestu/Hacktiv8/arniture-shop/arniture-app/js/components/ARScene.js
FN:15,(anonymous_0)
FN:18,(anonymous_1)
FN:25,(anonymous_2)
FN:37,(anonymous_3)
FNF:4
FNH:3
FNDA:1,(anonymous_0)
FNDA:1,(anonymous_1)
FNDA:3,(anonymous_2)
FNDA:0,(anonymous_3)
DA:16,1
DA:17,1
DA:18,1
DA:19,1
DA:22,1
DA:26,3
DA:37,4
LF:7
LH:7
BRF:0
BRH:0
end_of_record
TN:
SF:/home/barestu/Hacktiv8/arniture-shop/arniture-app/js/components/Catalogue.js
FN:18,(anonymous_0)
FN:22,(anonymous_1)
FN:25,(anonymous_2)
FN:32,(anonymous_3)
FN:36,(anonymous_4)
FN:41,(anonymous_5)
FN:66,(anonymous_6)
FN:70,(anonymous_7)
FNF:8
FNH:6
FNDA:1,(anonymous_0)
FNDA:1,(anonymous_1)
FNDA:1,(anonymous_2)
FNDA:1,(anonymous_3)
FNDA:1,(anonymous_4)
FNDA:1,(anonymous_5)
FNDA:0,(anonymous_6)
FNDA:0,(anonymous_7)
DA:19,1
DA:23,1
DA:25,1
DA:26,1
DA:29,1
DA:33,1
DA:37,1
DA:41,1
DA:51,1
DA:66,1
DA:70,1
LF:11
LH:11
BRF:0
BRH:0
end_of_record
TN:
SF:/home/barestu/Hacktiv8/arniture-shop/arniture-app/js/components/ItemCard.js
FN:17,(anonymous_0)
FN:24,(anonymous_1)
FN:29,(anonymous_2)
FN:43,(anonymous_3)
FN:44,(anonymous_4)
FN:97,(anonymous_5)
FN:102,(anonymous_6)
FNF:7
FNH:5
FNDA:2,(anonymous_0)
FNDA:1,(anonymous_1)
FNDA:5,(anonymous_2)
FNDA:2,(anonymous_3)
FNDA:1,(anonymous_4)
FNDA:0,(anonymous_5)
FNDA:0,(anonymous_6)
DA:18,2
DA:19,2
DA:20,1
DA:25,1
DA:30,5
DA:31,5
DA:43,2
DA:44,1
DA:52,3
DA:97,3
DA:102,3
LF:11
LH:11
BRDA:19,0,0,1
BRDA:19,0,1,1
BRF:2
BRH:2
end_of_record
TN:
SF:/home/barestu/Hacktiv8/arniture-shop/arniture-app/js/components/ObjectAR.js
FN:20,(anonymous_0)
FN:30,(anonymous_1)
FN:41,(anonymous_2)
FN:45,(anonymous_3)
FN:57,(anonymous_4)
FN:62,(anonymous_5)
FN:71,(anonymous_6)
FN:72,(anonymous_7)
FN:73,(anonymous_8)
FN:85,(anonymous_9)
FN:91,(anonymous_10)
FN:126,(anonymous_11)
FN:131,(anonymous_12)
FNF:13
FNH:11
FNDA:8,(anonymous_0)
FNDA:0,(anonymous_1)
FNDA:1,(anonymous_2)
FNDA:1,(anonymous_3)
FNDA:1,(anonymous_4)
FNDA:1,(anonymous_5)
FNDA:1,(anonymous_6)
FNDA:1,(anonymous_7)
FNDA:0,(anonymous_8)
FNDA:1,(anonymous_9)
FNDA:12,(anonymous_10)
FNDA:8,(anonymous_11)
FNDA:8,(anonymous_12)
DA:21,8
DA:22,8
DA:31,0
DA:32,0
DA:35,0
DA:38,0
DA:42,1
DA:46,1
DA:47,1
DA:53,1
DA:54,1
DA:58,1
DA:59,1
DA:63,1
DA:66,1
DA:67,1
DA:71,1
DA:72,1
DA:79,1
DA:86,1
DA:92,12
DA:126,8
DA:131,8
LF:23
LH:19
BRDA:31,0,0,0
BRDA:31,0,1,0
BRDA:66,1,0,1
BRDA:66,1,1,0
BRF:4
BRH:1
end_of_record
TN:
SF:/home/barestu/Hacktiv8/arniture-shop/arniture-app/js/screens/AR.js
FN:28,(anonymous_0)
FN:36,(anonymous_1)
FN:40,(anonymous_2)
FN:44,(anonymous_3)
FN:47,(anonymous_4)
FN:53,(anonymous_5)
FN:59,(anonymous_6)
FN:60,(anonymous_7)
FN:65,(anonymous_8)
FN:69,(anonymous_9)
FN:85,(anonymous_10)
FN:93,(anonymous_11)
FN:101,(anonymous_12)
FN:109,(anonymous_13)
FN:166,(anonymous_14)
FN:172,(anonymous_15)
FNF:16
FNH:8
FNDA:7,(anonymous_0)
FNDA:1,(anonymous_1)
FNDA:1,(anonymous_2)
FNDA:1,(anonymous_3)
FNDA:0,(anonymous_4)
FNDA:0,(anonymous_5)
FNDA:0,(anonymous_6)
FNDA:0,(anonymous_7)
FNDA:7,(anonymous_8)
FNDA:0,(anonymous_9)
FNDA:1,(anonymous_10)
FNDA:1,(anonymous_11)
FNDA:1,(anonymous_12)
FNDA:0,(anonymous_13)
FNDA:0,(anonymous_14)
FNDA:0,(anonymous_15)
DA:29,7
DA:30,7
DA:37,1
DA:41,1
DA:45,1
DA:46,1
DA:47,1
DA:48,0
DA:50,1
DA:54,0
DA:59,0
DA:60,0
DA:62,0
DA:66,7
DA:69,0
DA:85,1
DA:93,1
DA:101,1
DA:109,0
DA:119,1
DA:166,1
DA:172,1
LF:22
LH:15
BRF:0
BRH:0
end_of_record
TN:
SF:/home/barestu/Hacktiv8/arniture-shop/arniture-app/js/screens/Login.js
FN:14,(anonymous_0)
FN:22,(anonymous_1)
FN:26,(anonymous_2)
FN:37,(anonymous_3)
FN:52,(anonymous_4)
FN:58,(anonymous_5)
FN:105,(anonymous_6)
FN:111,(anonymous_7)
FNF:8
FNH:6
FNDA:7,(anonymous_0)
FNDA:1,(anonymous_1)
FNDA:2,(anonymous_2)
FNDA:11,(anonymous_3)
FNDA:2,(anonymous_4)
FNDA:2,(anonymous_5)
FNDA:0,(anonymous_6)
FNDA:0,(anonymous_7)
DA:15,7
DA:16,7
DA:23,1
DA:27,2
DA:29,2
DA:30,1
DA:33,2
DA:34,2
DA:38,11
DA:39,3
DA:42,11
DA:52,2
DA:58,2
DA:76,1
DA:105,1
DA:111,1
LF:16
LH:16
BRDA:29,0,0,1
BRDA:29,0,1,1
BRDA:38,1,0,3
BRDA:38,1,1,8
BRF:4
BRH:4
end_of_record
TN:
SF:/home/barestu/Hacktiv8/arniture-shop/arniture-app/js/screens/Register.js
FN:15,(anonymous_0)
FN:23,(anonymous_1)
FN:27,(anonymous_2)
FN:37,(anonymous_3)
FN:46,(anonymous_4)
FN:54,(anonymous_5)
FN:103,(anonymous_6)
FN:108,(anonymous_7)
FNF:8
FNH:6
FNDA:7,(anonymous_0)
FNDA:1,(anonymous_1)
FNDA:2,(anonymous_2)
FNDA:9,(anonymous_3)
FNDA:1,(anonymous_4)
FNDA:1,(anonymous_5)
FNDA:0,(anonymous_6)
FNDA:0,(anonymous_7)
DA:16,7
DA:17,7
DA:24,1
DA:28,2
DA:29,2
DA:30,1
DA:31,1
DA:32,1
DA:33,1
DA:38,9
DA:46,1
DA:54,1
DA:74,1
DA:103,1
DA:108,1
LF:15
LH:15
BRDA:29,0,0,1
BRDA:29,0,1,1
BRF:2
BRH:2
end_of_record
TN:
SF:/home/barestu/Hacktiv8/arniture-shop/arniture-app/js/stores/index.js
FNF:0
FNH:0
DA:9,7
DA:17,7
LF:2
LH:2
BRF:0
BRH:0
end_of_record
TN:
SF:/home/barestu/Hacktiv8/arniture-shop/arniture-app/js/stores/cart/action.js
FN:11,(anonymous_0)
FN:12,(anonymous_1)
FN:19,(anonymous_2)
FN:22,(anonymous_3)
FN:27,(anonymous_4)
FN:28,(anonymous_5)
FN:30,(anonymous_6)
FN:33,(anonymous_7)
FN:38,(anonymous_8)
FN:39,(anonymous_9)
FN:41,(anonymous_10)
FN:44,(anonymous_11)
FN:49,(anonymous_12)
FN:50,(anonymous_13)
FN:61,(anonymous_14)
FN:64,(anonymous_15)
FN:70,(anonymous_16)
FN:75,(anonymous_17)
FN:77,(anonymous_18)
FN:80,(anonymous_19)
FN:84,(anonymous_20)
FN:87,(anonymous_21)
FN:91,(anonymous_22)
FN:95,(anonymous_23)
FN:96,(anonymous_24)
FN:100,(anonymous_25)
FN:104,(anonymous_26)
FN:105,(anonymous_27)
FN:107,(anonymous_28)
FN:110,(anonymous_29)
FNF:30
FNH:9
FNDA:2,(anonymous_0)
FNDA:2,(anonymous_1)
FNDA:0,(anonymous_2)
FNDA:0,(anonymous_3)
FNDA:1,(anonymous_4)
FNDA:1,(anonymous_5)
FNDA:0,(anonymous_6)
FNDA:0,(anonymous_7)
FNDA:1,(anonymous_8)
FNDA:1,(anonymous_9)
FNDA:0,(anonymous_10)
FNDA:0,(anonymous_11)
FNDA:1,(anonymous_12)
FNDA:1,(anonymous_13)
FNDA:0,(anonymous_14)
FNDA:0,(anonymous_15)
FNDA:0,(anonymous_16)
FNDA:0,(anonymous_17)
FNDA:0,(anonymous_18)
FNDA:0,(anonymous_19)
FNDA:2,(anonymous_20)
FNDA:0,(anonymous_21)
FNDA:0,(anonymous_22)
FNDA:0,(anonymous_23)
FNDA:0,(anonymous_24)
FNDA:0,(anonymous_25)
FNDA:0,(anonymous_26)
FNDA:0,(anonymous_27)
FNDA:0,(anonymous_28)
FNDA:0,(anonymous_29)
DA:10,6
DA:11,6
DA:12,2
DA:13,2
DA:14,2
DA:20,0
DA:23,0
DA:27,6
DA:28,1
DA:29,1
DA:38,6
DA:39,1
DA:40,1
DA:49,6
DA:50,1
DA:52,1
DA:70,6
DA:75,6
DA:76,0
DA:84,6
DA:87,6
DA:91,6
DA:95,6
DA:96,0
DA:97,0
DA:100,6
DA:104,6
DA:105,0
DA:106,0
LF:29
LH:22
BRF:0
BRH:0
end_of_record
TN:
SF:/home/barestu/Hacktiv8/arniture-shop/arniture-app/js/stores/cart/action.types.js
FNF:0
FNH:0
DA:1,9
DA:2,9
DA:3,9
DA:4,9
DA:5,9
DA:6,9
DA:7,9
LF:7
LH:7
BRF:0
BRH:0
end_of_record
TN:
SF:/home/barestu/Hacktiv8/arniture-shop/arniture-app/js/stores/cart/reducers.js
FN:18,(anonymous_0)
FNF:1
FNH:1
FNDA:27,(anonymous_0)
DA:9,8
DA:18,8
DA:19,27
DA:21,1
DA:26,1
DA:35,1
DA:41,1
DA:46,1
DA:51,22
LF:9
LH:9
BRDA:18,0,0,22
BRDA:19,1,0,1
BRDA:19,1,1,1
BRDA:19,1,2,1
BRDA:19,1,3,1
BRDA:19,1,4,1
BRDA:19,1,5,22
BRF:7
BRH:7
end_of_record
TN:
SF:/home/barestu/Hacktiv8/arniture-shop/arniture-app/js/stores/items/action.js
FN:11,(anonymous_0)
FN:12,(anonymous_1)
FN:15,(anonymous_2)
FN:18,(anonymous_3)
FN:24,(anonymous_4)
FN:28,(anonymous_5)
FN:33,(anonymous_6)
FNF:7
FNH:3
FNDA:1,(anonymous_0)
FNDA:1,(anonymous_1)
FNDA:0,(anonymous_2)
FNDA:0,(anonymous_3)
FNDA:1,(anonymous_4)
FNDA:0,(anonymous_5)
FNDA:0,(anonymous_6)
DA:9,2
DA:11,2
DA:12,1
DA:13,1
DA:14,1
DA:16,0
DA:19,0
DA:24,2
DA:28,2
DA:33,2
LF:10
LH:8
BRF:0
BRH:0
end_of_record
TN:
SF:/home/barestu/Hacktiv8/arniture-shop/arniture-app/js/stores/items/action.types.js
FNF:0
FNH:0
DA:1,9
DA:2,9
DA:3,9
LF:3
LH:3
BRF:0
BRH:0
end_of_record
TN:
SF:/home/barestu/Hacktiv8/arniture-shop/arniture-app/js/stores/items/reducers.js
FN:15,(anonymous_0)
FNF:1
FNH:1
FNDA:25,(anonymous_0)
DA:6,8
DA:15,8
DA:16,25
DA:18,1
DA:23,1
DA:32,1
DA:38,22
LF:7
LH:7
BRDA:15,0,0,22
BRDA:16,1,0,1
BRDA:16,1,1,1
BRDA:16,1,2,1
BRDA:16,1,3,22
BRF:5
BRH:5
end_of_record
TN:
SF:/home/barestu/Hacktiv8/arniture-shop/arniture-app/js/stores/login/action.js
FN:11,(anonymous_0)
FN:12,(anonymous_1)
FN:17,(anonymous_2)
FN:22,(anonymous_3)
FN:28,(anonymous_4)
FN:33,(anonymous_5)
FN:38,(anonymous_6)
FN:39,(anonymous_7)
FN:44,(anonymous_8)
FNF:9
FNH:5
FNDA:2,(anonymous_0)
FNDA:2,(anonymous_1)
FNDA:0,(anonymous_2)
FNDA:0,(anonymous_3)
FNDA:0,(anonymous_4)
FNDA:0,(anonymous_5)
FNDA:1,(anonymous_6)
FNDA:1,(anonymous_7)
FNDA:1,(anonymous_8)
DA:9,3
DA:11,3
DA:12,2
DA:13,2
DA:19,0
DA:20,0
DA:23,0
DA:28,3
DA:33,3
DA:38,3
DA:39,1
DA:40,1
DA:44,3
LF:13
LH:10
BRF:0
BRH:0
end_of_record
TN:
SF:/home/barestu/Hacktiv8/arniture-shop/arniture-app/js/stores/login/action.types.js
FNF:0
FNH:0
DA:1,9
DA:2,9
DA:3,9
LF:3
LH:3
BRF:0
BRH:0
end_of_record
TN:
SF:/home/barestu/Hacktiv8/arniture-shop/arniture-app/js/stores/login/reducers.js
FN:14,(anonymous_0)
FNF:1
FNH:1
FNDA:25,(anonymous_0)
DA:7,8
DA:14,8
DA:15,25
DA:17,1
DA:23,1
DA:29,1
DA:33,22
LF:7
LH:7
BRDA:14,0,0,22
BRDA:15,1,0,1
BRDA:15,1,1,1
BRDA:15,1,2,1
BRDA:15,1,3,22
BRF:5
BRH:5
end_of_record
TN:
SF:/home/barestu/Hacktiv8/arniture-shop/arniture-app/js/stores/objects/action.types.js
FNF:0
FNH:0
DA:1,9
DA:2,9
DA:3,9
LF:3
LH:3
BRF:0
BRH:0
end_of_record
TN:
SF:/home/barestu/Hacktiv8/arniture-shop/arniture-app/js/stores/objects/actions.js
FN:9,(anonymous_0)
FN:10,(anonymous_1)
FN:15,(anonymous_2)
FN:16,(anonymous_3)
FN:21,(anonymous_4)
FN:22,(anonymous_5)
FN:27,(anonymous_6)
FN:32,(anonymous_7)
FN:37,(anonymous_8)
FNF:9
FNH:9
FNDA:1,(anonymous_0)
FNDA:1,(anonymous_1)
FNDA:1,(anonymous_2)
FNDA:1,(anonymous_3)
FNDA:1,(anonymous_4)
FNDA:1,(anonymous_5)
FNDA:1,(anonymous_6)
FNDA:1,(anonymous_7)
FNDA:1,(anonymous_8)
DA:9,6
DA:10,1
DA:11,1
DA:15,6
DA:16,1
DA:17,1
DA:21,6
DA:22,1
DA:23,1
DA:27,6
DA:32,6
DA:37,6
LF:12
LH:12
BRF:0
BRH:0
end_of_record
TN:
SF:/home/barestu/Hacktiv8/arniture-shop/arniture-app/js/stores/objects/reducers.js
FN:17,(anonymous_0)
FNF:1
FNH:1
FNDA:24,(anonymous_0)
DA:7,8
DA:17,8
DA:18,24
DA:20,0
DA:24,0
DA:32,1
DA:37,1
DA:41,22
LF:8
LH:6
BRDA:17,0,0,22
BRDA:18,1,0,0
BRDA:18,1,1,1
BRDA:18,1,2,1
BRDA:18,1,3,22
BRF:5
BRH:4
end_of_record
TN:
SF:/home/barestu/Hacktiv8/arniture-shop/arniture-app/js/stores/register/action.js
FN:10,(anonymous_0)
FN:11,(anonymous_1)
FN:17,(anonymous_2)
FN:20,(anonymous_3)
FN:26,(anonymous_4)
FN:31,(anonymous_5)
FN:35,(anonymous_6)
FN:36,(anonymous_7)
FN:41,(anonymous_8)
FNF:9
FNH:5
FNDA:2,(anonymous_0)
FNDA:2,(anonymous_1)
FNDA:0,(anonymous_2)
FNDA:0,(anonymous_3)
FNDA:1,(anonymous_4)
FNDA:1,(anonymous_5)
FNDA:0,(anonymous_6)
FNDA:0,(anonymous_7)
FNDA:2,(anonymous_8)
DA:8,2
DA:10,2
DA:11,2
DA:12,2
DA:18,0
DA:21,0
DA:26,2
DA:31,2
DA:35,2
DA:36,0
DA:37,0
DA:41,2
LF:12
LH:8
BRF:0
BRH:0
end_of_record
TN:
SF:/home/barestu/Hacktiv8/arniture-shop/arniture-app/js/stores/register/action.types.js
FNF:0
FNH:0
DA:1,9
DA:2,9
DA:3,9
LF:3
LH:3
BRF:0
BRH:0
end_of_record
TN:
SF:/home/barestu/Hacktiv8/arniture-shop/arniture-app/js/stores/register/reducers.js
FN:12,(anonymous_0)
FNF:1
FNH:1
FNDA:25,(anonymous_0)
DA:7,8
DA:12,8
DA:13,25
DA:15,1
DA:20,1
DA:26,1
DA:30,22
LF:7
LH:7
BRDA:12,0,0,22
BRDA:13,1,0,1
BRDA:13,1,1,1
BRDA:13,1,2,1
BRDA:13,1,3,22
BRF:5
BRH:5
end_of_record
